{"C:\\Users\\FAOK\\Desktop\\alt-exam\\app.js": {"path":"C:\\Users\\FAOK\\Desktop\\alt-exam\\app.js","statementMap":{"0":{"start":{"line":1,"column":16},"end":{"line":1,"column":34}},"1":{"start":{"line":2,"column":15},"end":{"line":2,"column":32}},"2":{"start":{"line":3,"column":19},"end":{"line":3,"column":49}},"3":{"start":{"line":4,"column":19},"end":{"line":4,"column":49}},"4":{"start":{"line":5,"column":27},"end":{"line":5,"column":64}},"5":{"start":{"line":6,"column":17},"end":{"line":6,"column":44}},"6":{"start":{"line":7,"column":12},"end":{"line":7,"column":26}},"7":{"start":{"line":8,"column":18},"end":{"line":8,"column":47}},"8":{"start":{"line":9,"column":15},"end":{"line":9,"column":32}},"9":{"start":{"line":10,"column":12},"end":{"line":10,"column":21}},"10":{"start":{"line":14,"column":0},"end":{"line":16,"column":1}},"11":{"start":{"line":15,"column":2},"end":{"line":15,"column":25}},"12":{"start":{"line":17,"column":0},"end":{"line":17,"column":18}},"13":{"start":{"line":19,"column":16},"end":{"line":23,"column":2}},"14":{"start":{"line":25,"column":0},"end":{"line":25,"column":25}},"15":{"start":{"line":27,"column":0},"end":{"line":31,"column":2}},"16":{"start":{"line":33,"column":0},"end":{"line":33,"column":41}},"17":{"start":{"line":35,"column":0},"end":{"line":35,"column":37}},"18":{"start":{"line":36,"column":0},"end":{"line":36,"column":37}},"19":{"start":{"line":38,"column":0},"end":{"line":40,"column":3}},"20":{"start":{"line":39,"column":2},"end":{"line":39,"column":75}},"21":{"start":{"line":42,"column":0},"end":{"line":42,"column":28}},"22":{"start":{"line":44,"column":0},"end":{"line":44,"column":21}}},"fnMap":{"0":{"name":"(anonymous_0)","decl":{"start":{"line":38,"column":13},"end":{"line":38,"column":14}},"loc":{"start":{"line":38,"column":33},"end":{"line":40,"column":1}},"line":38}},"branchMap":{"0":{"loc":{"start":{"line":14,"column":0},"end":{"line":16,"column":1}},"type":"if","locations":[{"start":{"line":14,"column":0},"end":{"line":16,"column":1}},{"start":{},"end":{}}],"line":14}},"s":{"0":3,"1":3,"2":3,"3":3,"4":3,"5":3,"6":3,"7":3,"8":3,"9":3,"10":3,"11":0,"12":3,"13":3,"14":3,"15":3,"16":3,"17":3,"18":3,"19":3,"20":0,"21":3,"22":3},"f":{"0":0},"b":{"0":[0,3]},"_coverageSchema":"1a1c01bbd47fc00a2c39e90264f33305004495a9","hash":"d4ec88c779eda0d96df8c7f90e0a01e39cb2d7eb"}
,"C:\\Users\\FAOK\\Desktop\\alt-exam\\controllers\\authController.js": {"path":"C:\\Users\\FAOK\\Desktop\\alt-exam\\controllers\\authController.js","statementMap":{"0":{"start":{"line":1,"column":17},"end":{"line":1,"column":45}},"1":{"start":{"line":2,"column":19},"end":{"line":2,"column":49}},"2":{"start":{"line":3,"column":13},"end":{"line":3,"column":43}},"3":{"start":{"line":4,"column":12},"end":{"line":4,"column":35}},"4":{"start":{"line":5,"column":22},"end":{"line":5,"column":37}},"5":{"start":{"line":7,"column":18},"end":{"line":11,"column":1}},"6":{"start":{"line":8,"column":2},"end":{"line":10,"column":5}},"7":{"start":{"line":12,"column":24},"end":{"line":30,"column":1}},"8":{"start":{"line":13,"column":16},"end":{"line":13,"column":35}},"9":{"start":{"line":14,"column":24},"end":{"line":19,"column":3}},"10":{"start":{"line":20,"column":2},"end":{"line":20,"column":73}},"11":{"start":{"line":20,"column":45},"end":{"line":20,"column":73}},"12":{"start":{"line":21,"column":2},"end":{"line":21,"column":42}},"13":{"start":{"line":22,"column":2},"end":{"line":22,"column":28}},"14":{"start":{"line":23,"column":2},"end":{"line":29,"column":5}},"15":{"start":{"line":32,"column":0},"end":{"line":36,"column":3}},"16":{"start":{"line":33,"column":18},"end":{"line":33,"column":45}},"17":{"start":{"line":34,"column":2},"end":{"line":34,"column":67}},"18":{"start":{"line":34,"column":16},"end":{"line":34,"column":67}},"19":{"start":{"line":35,"column":2},"end":{"line":35,"column":37}},"20":{"start":{"line":38,"column":0},"end":{"line":48,"column":3}},"21":{"start":{"line":39,"column":30},"end":{"line":39,"column":38}},"22":{"start":{"line":40,"column":2},"end":{"line":42,"column":3}},"23":{"start":{"line":41,"column":4},"end":{"line":41,"column":72}},"24":{"start":{"line":43,"column":15},"end":{"line":43,"column":64}},"25":{"start":{"line":44,"column":2},"end":{"line":46,"column":3}},"26":{"start":{"line":45,"column":4},"end":{"line":45,"column":66}},"27":{"start":{"line":47,"column":2},"end":{"line":47,"column":34}},"28":{"start":{"line":50,"column":0},"end":{"line":67,"column":3}},"29":{"start":{"line":51,"column":2},"end":{"line":57,"column":3}},"30":{"start":{"line":56,"column":4},"end":{"line":56,"column":59}},"31":{"start":{"line":58,"column":16},"end":{"line":58,"column":55}},"32":{"start":{"line":59,"column":18},"end":{"line":59,"column":76}},"33":{"start":{"line":60,"column":2},"end":{"line":60,"column":67}},"34":{"start":{"line":60,"column":16},"end":{"line":60,"column":67}},"35":{"start":{"line":61,"column":15},"end":{"line":61,"column":46}},"36":{"start":{"line":62,"column":2},"end":{"line":64,"column":3}},"37":{"start":{"line":63,"column":4},"end":{"line":63,"column":58}},"38":{"start":{"line":65,"column":2},"end":{"line":65,"column":18}},"39":{"start":{"line":66,"column":2},"end":{"line":66,"column":9}}},"fnMap":{"0":{"name":"(anonymous_0)","decl":{"start":{"line":7,"column":18},"end":{"line":7,"column":19}},"loc":{"start":{"line":7,"column":26},"end":{"line":11,"column":1}},"line":7},"1":{"name":"(anonymous_1)","decl":{"start":{"line":12,"column":24},"end":{"line":12,"column":25}},"loc":{"start":{"line":12,"column":51},"end":{"line":30,"column":1}},"line":12},"2":{"name":"(anonymous_2)","decl":{"start":{"line":32,"column":28},"end":{"line":32,"column":29}},"loc":{"start":{"line":32,"column":54},"end":{"line":36,"column":1}},"line":32},"3":{"name":"(anonymous_3)","decl":{"start":{"line":38,"column":27},"end":{"line":38,"column":28}},"loc":{"start":{"line":38,"column":53},"end":{"line":48,"column":1}},"line":38},"4":{"name":"(anonymous_4)","decl":{"start":{"line":50,"column":29},"end":{"line":50,"column":30}},"loc":{"start":{"line":50,"column":55},"end":{"line":67,"column":1}},"line":50}},"branchMap":{"0":{"loc":{"start":{"line":20,"column":2},"end":{"line":20,"column":73}},"type":"if","locations":[{"start":{"line":20,"column":2},"end":{"line":20,"column":73}},{"start":{},"end":{}}],"line":20},"1":{"loc":{"start":{"line":34,"column":2},"end":{"line":34,"column":67}},"type":"if","locations":[{"start":{"line":34,"column":2},"end":{"line":34,"column":67}},{"start":{},"end":{}}],"line":34},"2":{"loc":{"start":{"line":40,"column":2},"end":{"line":42,"column":3}},"type":"if","locations":[{"start":{"line":40,"column":2},"end":{"line":42,"column":3}},{"start":{},"end":{}}],"line":40},"3":{"loc":{"start":{"line":40,"column":6},"end":{"line":40,"column":25}},"type":"binary-expr","locations":[{"start":{"line":40,"column":6},"end":{"line":40,"column":12}},{"start":{"line":40,"column":16},"end":{"line":40,"column":25}}],"line":40},"4":{"loc":{"start":{"line":44,"column":2},"end":{"line":46,"column":3}},"type":"if","locations":[{"start":{"line":44,"column":2},"end":{"line":46,"column":3}},{"start":{},"end":{}}],"line":44},"5":{"loc":{"start":{"line":44,"column":6},"end":{"line":44,"column":69}},"type":"binary-expr","locations":[{"start":{"line":44,"column":6},"end":{"line":44,"column":11}},{"start":{"line":44,"column":15},"end":{"line":44,"column":69}}],"line":44},"6":{"loc":{"start":{"line":51,"column":2},"end":{"line":57,"column":3}},"type":"if","locations":[{"start":{"line":51,"column":2},"end":{"line":57,"column":3}},{"start":{},"end":{}}],"line":51},"7":{"loc":{"start":{"line":52,"column":4},"end":{"line":54,"column":51}},"type":"binary-expr","locations":[{"start":{"line":52,"column":4},"end":{"line":52,"column":16}},{"start":{"line":53,"column":4},"end":{"line":53,"column":30}},{"start":{"line":54,"column":4},"end":{"line":54,"column":51}}],"line":52},"8":{"loc":{"start":{"line":60,"column":2},"end":{"line":60,"column":67}},"type":"if","locations":[{"start":{"line":60,"column":2},"end":{"line":60,"column":67}},{"start":{},"end":{}}],"line":60},"9":{"loc":{"start":{"line":62,"column":2},"end":{"line":64,"column":3}},"type":"if","locations":[{"start":{"line":62,"column":2},"end":{"line":64,"column":3}},{"start":{},"end":{}}],"line":62}},"s":{"0":3,"1":3,"2":3,"3":3,"4":3,"5":3,"6":3,"7":3,"8":3,"9":3,"10":3,"11":0,"12":3,"13":3,"14":3,"15":3,"16":1,"17":1,"18":0,"19":1,"20":3,"21":2,"22":2,"23":0,"24":2,"25":2,"26":0,"27":2,"28":3,"29":4,"30":0,"31":4,"32":4,"33":4,"34":0,"35":4,"36":4,"37":0,"38":4,"39":4},"f":{"0":3,"1":3,"2":1,"3":2,"4":4},"b":{"0":[0,3],"1":[0,1],"2":[0,2],"3":[2,2],"4":[0,2],"5":[2,2],"6":[0,4],"7":[4,4,4],"8":[0,4],"9":[0,4]},"_coverageSchema":"1a1c01bbd47fc00a2c39e90264f33305004495a9","hash":"eea47c74e564c45b70ff0be18ef949d5b18272b3"}
,"C:\\Users\\FAOK\\Desktop\\alt-exam\\controllers\\blogController.js": {"path":"C:\\Users\\FAOK\\Desktop\\alt-exam\\controllers\\blogController.js","statementMap":{"0":{"start":{"line":1,"column":17},"end":{"line":1,"column":45}},"1":{"start":{"line":2,"column":19},"end":{"line":2,"column":49}},"2":{"start":{"line":3,"column":13},"end":{"line":3,"column":43}},"3":{"start":{"line":4,"column":20},"end":{"line":4,"column":51}},"4":{"start":{"line":6,"column":0},"end":{"line":20,"column":3}},"5":{"start":{"line":7,"column":19},"end":{"line":11,"column":15}},"6":{"start":{"line":12,"column":16},"end":{"line":12,"column":36}},"7":{"start":{"line":13,"column":2},"end":{"line":19,"column":5}},"8":{"start":{"line":21,"column":0},"end":{"line":40,"column":3}},"9":{"start":{"line":22,"column":26},"end":{"line":29,"column":3}},"10":{"start":{"line":30,"column":18},"end":{"line":30,"column":52}},"11":{"start":{"line":31,"column":2},"end":{"line":33,"column":3}},"12":{"start":{"line":32,"column":4},"end":{"line":32,"column":64}},"13":{"start":{"line":34,"column":2},"end":{"line":39,"column":5}},"14":{"start":{"line":41,"column":0},"end":{"line":57,"column":3}},"15":{"start":{"line":42,"column":15},"end":{"line":47,"column":31}},"16":{"start":{"line":48,"column":2},"end":{"line":48,"column":62}},"17":{"start":{"line":48,"column":13},"end":{"line":48,"column":62}},"18":{"start":{"line":49,"column":2},"end":{"line":49,"column":20}},"19":{"start":{"line":50,"column":2},"end":{"line":50,"column":20}},"20":{"start":{"line":51,"column":2},"end":{"line":56,"column":5}},"21":{"start":{"line":58,"column":0},"end":{"line":93,"column":3}},"22":{"start":{"line":59,"column":13},"end":{"line":59,"column":54}},"23":{"start":{"line":61,"column":2},"end":{"line":61,"column":62}},"24":{"start":{"line":61,"column":13},"end":{"line":61,"column":62}},"25":{"start":{"line":63,"column":2},"end":{"line":66,"column":6}},"26":{"start":{"line":64,"column":4},"end":{"line":66,"column":6}},"27":{"start":{"line":68,"column":2},"end":{"line":70,"column":3}},"28":{"start":{"line":69,"column":4},"end":{"line":69,"column":32}},"29":{"start":{"line":71,"column":2},"end":{"line":73,"column":3}},"30":{"start":{"line":72,"column":4},"end":{"line":72,"column":44}},"31":{"start":{"line":74,"column":2},"end":{"line":76,"column":3}},"32":{"start":{"line":75,"column":4},"end":{"line":75,"column":32}},"33":{"start":{"line":77,"column":2},"end":{"line":79,"column":3}},"34":{"start":{"line":78,"column":4},"end":{"line":78,"column":30}},"35":{"start":{"line":80,"column":2},"end":{"line":82,"column":3}},"36":{"start":{"line":81,"column":4},"end":{"line":81,"column":30}},"37":{"start":{"line":84,"column":22},"end":{"line":84,"column":39}},"38":{"start":{"line":86,"column":2},"end":{"line":86,"column":71}},"39":{"start":{"line":86,"column":20},"end":{"line":86,"column":71}},"40":{"start":{"line":87,"column":2},"end":{"line":92,"column":5}},"41":{"start":{"line":95,"column":0},"end":{"line":108,"column":3}},"42":{"start":{"line":96,"column":15},"end":{"line":96,"column":56}},"43":{"start":{"line":97,"column":2},"end":{"line":97,"column":62}},"44":{"start":{"line":97,"column":13},"end":{"line":97,"column":62}},"45":{"start":{"line":98,"column":2},"end":{"line":101,"column":6}},"46":{"start":{"line":99,"column":4},"end":{"line":101,"column":6}},"47":{"start":{"line":102,"column":22},"end":{"line":102,"column":65}},"48":{"start":{"line":103,"column":2},"end":{"line":103,"column":71}},"49":{"start":{"line":103,"column":20},"end":{"line":103,"column":71}},"50":{"start":{"line":104,"column":2},"end":{"line":107,"column":5}},"51":{"start":{"line":109,"column":0},"end":{"line":128,"column":3}},"52":{"start":{"line":110,"column":19},"end":{"line":117,"column":15}},"53":{"start":{"line":119,"column":16},"end":{"line":119,"column":36}},"54":{"start":{"line":120,"column":2},"end":{"line":120,"column":63}},"55":{"start":{"line":120,"column":14},"end":{"line":120,"column":63}},"56":{"start":{"line":121,"column":2},"end":{"line":127,"column":5}}},"fnMap":{"0":{"name":"(anonymous_0)","decl":{"start":{"line":6,"column":33},"end":{"line":6,"column":34}},"loc":{"start":{"line":6,"column":59},"end":{"line":20,"column":1}},"line":6},"1":{"name":"(anonymous_1)","decl":{"start":{"line":21,"column":32},"end":{"line":21,"column":33}},"loc":{"start":{"line":21,"column":58},"end":{"line":40,"column":1}},"line":21},"2":{"name":"(anonymous_2)","decl":{"start":{"line":41,"column":29},"end":{"line":41,"column":30}},"loc":{"start":{"line":41,"column":55},"end":{"line":57,"column":1}},"line":41},"3":{"name":"(anonymous_3)","decl":{"start":{"line":58,"column":32},"end":{"line":58,"column":33}},"loc":{"start":{"line":58,"column":58},"end":{"line":93,"column":1}},"line":58},"4":{"name":"(anonymous_4)","decl":{"start":{"line":95,"column":32},"end":{"line":95,"column":33}},"loc":{"start":{"line":95,"column":58},"end":{"line":108,"column":1}},"line":95},"5":{"name":"(anonymous_5)","decl":{"start":{"line":109,"column":32},"end":{"line":109,"column":33}},"loc":{"start":{"line":109,"column":58},"end":{"line":128,"column":1}},"line":109}},"branchMap":{"0":{"loc":{"start":{"line":31,"column":2},"end":{"line":33,"column":3}},"type":"if","locations":[{"start":{"line":31,"column":2},"end":{"line":33,"column":3}},{"start":{},"end":{}}],"line":31},"1":{"loc":{"start":{"line":48,"column":2},"end":{"line":48,"column":62}},"type":"if","locations":[{"start":{"line":48,"column":2},"end":{"line":48,"column":62}},{"start":{},"end":{}}],"line":48},"2":{"loc":{"start":{"line":61,"column":2},"end":{"line":61,"column":62}},"type":"if","locations":[{"start":{"line":61,"column":2},"end":{"line":61,"column":62}},{"start":{},"end":{}}],"line":61},"3":{"loc":{"start":{"line":63,"column":2},"end":{"line":66,"column":6}},"type":"if","locations":[{"start":{"line":63,"column":2},"end":{"line":66,"column":6}},{"start":{},"end":{}}],"line":63},"4":{"loc":{"start":{"line":68,"column":2},"end":{"line":70,"column":3}},"type":"if","locations":[{"start":{"line":68,"column":2},"end":{"line":70,"column":3}},{"start":{},"end":{}}],"line":68},"5":{"loc":{"start":{"line":71,"column":2},"end":{"line":73,"column":3}},"type":"if","locations":[{"start":{"line":71,"column":2},"end":{"line":73,"column":3}},{"start":{},"end":{}}],"line":71},"6":{"loc":{"start":{"line":74,"column":2},"end":{"line":76,"column":3}},"type":"if","locations":[{"start":{"line":74,"column":2},"end":{"line":76,"column":3}},{"start":{},"end":{}}],"line":74},"7":{"loc":{"start":{"line":77,"column":2},"end":{"line":79,"column":3}},"type":"if","locations":[{"start":{"line":77,"column":2},"end":{"line":79,"column":3}},{"start":{},"end":{}}],"line":77},"8":{"loc":{"start":{"line":80,"column":2},"end":{"line":82,"column":3}},"type":"if","locations":[{"start":{"line":80,"column":2},"end":{"line":82,"column":3}},{"start":{},"end":{}}],"line":80},"9":{"loc":{"start":{"line":86,"column":2},"end":{"line":86,"column":71}},"type":"if","locations":[{"start":{"line":86,"column":2},"end":{"line":86,"column":71}},{"start":{},"end":{}}],"line":86},"10":{"loc":{"start":{"line":97,"column":2},"end":{"line":97,"column":62}},"type":"if","locations":[{"start":{"line":97,"column":2},"end":{"line":97,"column":62}},{"start":{},"end":{}}],"line":97},"11":{"loc":{"start":{"line":98,"column":2},"end":{"line":101,"column":6}},"type":"if","locations":[{"start":{"line":98,"column":2},"end":{"line":101,"column":6}},{"start":{},"end":{}}],"line":98},"12":{"loc":{"start":{"line":103,"column":2},"end":{"line":103,"column":71}},"type":"if","locations":[{"start":{"line":103,"column":2},"end":{"line":103,"column":71}},{"start":{},"end":{}}],"line":103},"13":{"loc":{"start":{"line":120,"column":2},"end":{"line":120,"column":63}},"type":"if","locations":[{"start":{"line":120,"column":2},"end":{"line":120,"column":63}},{"start":{},"end":{}}],"line":120}},"s":{"0":3,"1":3,"2":3,"3":3,"4":3,"5":4,"6":4,"7":4,"8":3,"9":1,"10":1,"11":1,"12":0,"13":1,"14":3,"15":1,"16":1,"17":0,"18":1,"19":1,"20":1,"21":3,"22":1,"23":1,"24":0,"25":1,"26":0,"27":1,"28":0,"29":1,"30":0,"31":1,"32":1,"33":1,"34":0,"35":1,"36":0,"37":1,"38":1,"39":0,"40":1,"41":3,"42":1,"43":1,"44":0,"45":1,"46":0,"47":1,"48":1,"49":0,"50":1,"51":3,"52":1,"53":1,"54":1,"55":0,"56":1},"f":{"0":4,"1":1,"2":1,"3":1,"4":1,"5":1},"b":{"0":[0,1],"1":[0,1],"2":[0,1],"3":[0,1],"4":[0,1],"5":[0,1],"6":[1,0],"7":[0,1],"8":[0,1],"9":[0,1],"10":[0,1],"11":[0,1],"12":[0,1],"13":[0,1]},"_coverageSchema":"1a1c01bbd47fc00a2c39e90264f33305004495a9","hash":"dd45291dbde6a2e04b7c3d4177203811aa85c7aa"}
,"C:\\Users\\FAOK\\Desktop\\alt-exam\\controllers\\userController.js": {"path":"C:\\Users\\FAOK\\Desktop\\alt-exam\\controllers\\userController.js","statementMap":{"0":{"start":{"line":1,"column":17},"end":{"line":1,"column":45}},"1":{"start":{"line":2,"column":19},"end":{"line":2,"column":49}},"2":{"start":{"line":3,"column":13},"end":{"line":3,"column":43}},"3":{"start":{"line":4,"column":20},"end":{"line":4,"column":51}},"4":{"start":{"line":6,"column":0},"end":{"line":15,"column":3}},"5":{"start":{"line":7,"column":16},"end":{"line":7,"column":33}},"6":{"start":{"line":8,"column":2},"end":{"line":14,"column":5}},"7":{"start":{"line":17,"column":0},"end":{"line":26,"column":3}},"8":{"start":{"line":18,"column":15},"end":{"line":18,"column":67}},"9":{"start":{"line":19,"column":2},"end":{"line":19,"column":62}},"10":{"start":{"line":19,"column":13},"end":{"line":19,"column":62}},"11":{"start":{"line":20,"column":2},"end":{"line":25,"column":5}}},"fnMap":{"0":{"name":"(anonymous_0)","decl":{"start":{"line":6,"column":33},"end":{"line":6,"column":34}},"loc":{"start":{"line":6,"column":59},"end":{"line":15,"column":1}},"line":6},"1":{"name":"(anonymous_1)","decl":{"start":{"line":17,"column":29},"end":{"line":17,"column":30}},"loc":{"start":{"line":17,"column":55},"end":{"line":26,"column":1}},"line":17}},"branchMap":{"0":{"loc":{"start":{"line":19,"column":2},"end":{"line":19,"column":62}},"type":"if","locations":[{"start":{"line":19,"column":2},"end":{"line":19,"column":62}},{"start":{},"end":{}}],"line":19}},"s":{"0":3,"1":3,"2":3,"3":3,"4":3,"5":1,"6":1,"7":3,"8":1,"9":1,"10":0,"11":1},"f":{"0":1,"1":1},"b":{"0":[0,1]},"_coverageSchema":"1a1c01bbd47fc00a2c39e90264f33305004495a9","hash":"3e86404cf34014e4f2d125a092c0304147e7c3f4"}
,"C:\\Users\\FAOK\\Desktop\\alt-exam\\models\\blogModel.js": {"path":"C:\\Users\\FAOK\\Desktop\\alt-exam\\models\\blogModel.js","statementMap":{"0":{"start":{"line":1,"column":17},"end":{"line":1,"column":36}},"1":{"start":{"line":2,"column":19},"end":{"line":49,"column":1}},"2":{"start":{"line":50,"column":0},"end":{"line":56,"column":3}},"3":{"start":{"line":51,"column":2},"end":{"line":54,"column":5}},"4":{"start":{"line":55,"column":2},"end":{"line":55,"column":9}},"5":{"start":{"line":57,"column":0},"end":{"line":60,"column":3}},"6":{"start":{"line":58,"column":2},"end":{"line":58,"column":67}},"7":{"start":{"line":59,"column":2},"end":{"line":59,"column":9}},"8":{"start":{"line":61,"column":13},"end":{"line":61,"column":47}},"9":{"start":{"line":62,"column":0},"end":{"line":62,"column":22}}},"fnMap":{"0":{"name":"(anonymous_0)","decl":{"start":{"line":50,"column":24},"end":{"line":50,"column":25}},"loc":{"start":{"line":50,"column":40},"end":{"line":56,"column":1}},"line":50},"1":{"name":"(anonymous_1)","decl":{"start":{"line":57,"column":23},"end":{"line":57,"column":24}},"loc":{"start":{"line":57,"column":39},"end":{"line":60,"column":1}},"line":57}},"branchMap":{},"s":{"0":3,"1":3,"2":3,"3":10,"4":10,"5":3,"6":12,"7":12,"8":3,"9":3},"f":{"0":10,"1":12},"b":{},"_coverageSchema":"1a1c01bbd47fc00a2c39e90264f33305004495a9","hash":"d83de1cd043764c86058e13d4776fc00c0515fd2"}
,"C:\\Users\\FAOK\\Desktop\\alt-exam\\models\\userModel.js": {"path":"C:\\Users\\FAOK\\Desktop\\alt-exam\\models\\userModel.js","statementMap":{"0":{"start":{"line":1,"column":17},"end":{"line":1,"column":36}},"1":{"start":{"line":2,"column":18},"end":{"line":2,"column":38}},"2":{"start":{"line":3,"column":15},"end":{"line":3,"column":34}},"3":{"start":{"line":4,"column":19},"end":{"line":47,"column":1}},"4":{"start":{"line":37,"column":10},"end":{"line":37,"column":38}},"5":{"start":{"line":48,"column":0},"end":{"line":52,"column":3}},"6":{"start":{"line":53,"column":0},"end":{"line":58,"column":3}},"7":{"start":{"line":54,"column":2},"end":{"line":54,"column":50}},"8":{"start":{"line":54,"column":36},"end":{"line":54,"column":50}},"9":{"start":{"line":55,"column":2},"end":{"line":55,"column":55}},"10":{"start":{"line":56,"column":2},"end":{"line":56,"column":35}},"11":{"start":{"line":57,"column":2},"end":{"line":57,"column":9}},"12":{"start":{"line":59,"column":0},"end":{"line":64,"column":2}},"13":{"start":{"line":63,"column":2},"end":{"line":63,"column":63}},"14":{"start":{"line":65,"column":13},"end":{"line":65,"column":47}},"15":{"start":{"line":67,"column":0},"end":{"line":67,"column":22}}},"fnMap":{"0":{"name":"(anonymous_0)","decl":{"start":{"line":36,"column":19},"end":{"line":36,"column":20}},"loc":{"start":{"line":36,"column":33},"end":{"line":38,"column":9}},"line":36},"1":{"name":"(anonymous_1)","decl":{"start":{"line":53,"column":23},"end":{"line":53,"column":24}},"loc":{"start":{"line":53,"column":45},"end":{"line":58,"column":1}},"line":53},"2":{"name":"(anonymous_2)","decl":{"start":{"line":59,"column":37},"end":{"line":59,"column":38}},"loc":{"start":{"line":62,"column":2},"end":{"line":64,"column":1}},"line":62}},"branchMap":{"0":{"loc":{"start":{"line":54,"column":2},"end":{"line":54,"column":50}},"type":"if","locations":[{"start":{"line":54,"column":2},"end":{"line":54,"column":50}},{"start":{},"end":{}}],"line":54}},"s":{"0":3,"1":3,"2":3,"3":3,"4":5,"5":3,"6":3,"7":5,"8":0,"9":5,"10":5,"11":5,"12":3,"13":2,"14":3,"15":3},"f":{"0":5,"1":5,"2":2},"b":{"0":[0,5]},"_coverageSchema":"1a1c01bbd47fc00a2c39e90264f33305004495a9","hash":"274d972e163e2100ca7c48e9272b15071a39b5b7"}
,"C:\\Users\\FAOK\\Desktop\\alt-exam\\routes\\blogRoutes.js": {"path":"C:\\Users\\FAOK\\Desktop\\alt-exam\\routes\\blogRoutes.js","statementMap":{"0":{"start":{"line":1,"column":16},"end":{"line":1,"column":34}},"1":{"start":{"line":2,"column":15},"end":{"line":2,"column":31}},"2":{"start":{"line":3,"column":23},"end":{"line":3,"column":63}},"3":{"start":{"line":4,"column":23},"end":{"line":4,"column":63}},"4":{"start":{"line":5,"column":0},"end":{"line":8,"column":59}},"5":{"start":{"line":9,"column":0},"end":{"line":11,"column":58}},"6":{"start":{"line":12,"column":0},"end":{"line":16,"column":61}},"7":{"start":{"line":18,"column":0},"end":{"line":18,"column":24}}},"fnMap":{},"branchMap":{},"s":{"0":3,"1":3,"2":3,"3":3,"4":3,"5":3,"6":3,"7":3},"f":{},"b":{},"_coverageSchema":"1a1c01bbd47fc00a2c39e90264f33305004495a9","hash":"370231f7aa92122009474f57c75c665dac7193e3"}
,"C:\\Users\\FAOK\\Desktop\\alt-exam\\routes\\userRoutes.js": {"path":"C:\\Users\\FAOK\\Desktop\\alt-exam\\routes\\userRoutes.js","statementMap":{"0":{"start":{"line":1,"column":16},"end":{"line":1,"column":34}},"1":{"start":{"line":2,"column":15},"end":{"line":2,"column":31}},"2":{"start":{"line":3,"column":23},"end":{"line":3,"column":63}},"3":{"start":{"line":4,"column":23},"end":{"line":4,"column":63}},"4":{"start":{"line":6,"column":0},"end":{"line":6,"column":52}},"5":{"start":{"line":7,"column":0},"end":{"line":7,"column":50}},"6":{"start":{"line":9,"column":0},"end":{"line":9,"column":50}},"7":{"start":{"line":10,"column":0},"end":{"line":10,"column":49}},"8":{"start":{"line":11,"column":0},"end":{"line":11,"column":24}}},"fnMap":{},"branchMap":{},"s":{"0":3,"1":3,"2":3,"3":3,"4":3,"5":3,"6":3,"7":3,"8":3},"f":{},"b":{},"_coverageSchema":"1a1c01bbd47fc00a2c39e90264f33305004495a9","hash":"09b4d7fbc5a9571774afc56361bf095d487a9200"}
,"C:\\Users\\FAOK\\Desktop\\alt-exam\\utils\\APIFeatures.js": {"path":"C:\\Users\\FAOK\\Desktop\\alt-exam\\utils\\APIFeatures.js","statementMap":{"0":{"start":{"line":3,"column":4},"end":{"line":3,"column":23}},"1":{"start":{"line":4,"column":4},"end":{"line":4,"column":35}},"2":{"start":{"line":8,"column":21},"end":{"line":8,"column":44}},"3":{"start":{"line":9,"column":27},"end":{"line":9,"column":62}},"4":{"start":{"line":10,"column":4},"end":{"line":10,"column":56}},"5":{"start":{"line":10,"column":35},"end":{"line":10,"column":54}},"6":{"start":{"line":13,"column":19},"end":{"line":13,"column":43}},"7":{"start":{"line":14,"column":4},"end":{"line":17,"column":6}},"8":{"start":{"line":16,"column":17},"end":{"line":16,"column":28}},"9":{"start":{"line":18,"column":4},"end":{"line":18,"column":55}},"10":{"start":{"line":20,"column":4},"end":{"line":20,"column":16}},"11":{"start":{"line":24,"column":4},"end":{"line":29,"column":5}},"12":{"start":{"line":25,"column":21},"end":{"line":25,"column":63}},"13":{"start":{"line":26,"column":6},"end":{"line":26,"column":43}},"14":{"start":{"line":28,"column":6},"end":{"line":28,"column":49}},"15":{"start":{"line":31,"column":4},"end":{"line":31,"column":16}},"16":{"start":{"line":35,"column":4},"end":{"line":40,"column":5}},"17":{"start":{"line":36,"column":21},"end":{"line":36,"column":65}},"18":{"start":{"line":37,"column":6},"end":{"line":37,"column":45}},"19":{"start":{"line":39,"column":6},"end":{"line":39,"column":45}},"20":{"start":{"line":42,"column":4},"end":{"line":42,"column":16}},"21":{"start":{"line":46,"column":17},"end":{"line":46,"column":47}},"22":{"start":{"line":47,"column":18},"end":{"line":47,"column":50}},"23":{"start":{"line":48,"column":17},"end":{"line":48,"column":35}},"24":{"start":{"line":50,"column":4},"end":{"line":50,"column":52}},"25":{"start":{"line":52,"column":4},"end":{"line":52,"column":16}},"26":{"start":{"line":55,"column":0},"end":{"line":55,"column":29}}},"fnMap":{"0":{"name":"(anonymous_0)","decl":{"start":{"line":2,"column":2},"end":{"line":2,"column":3}},"loc":{"start":{"line":2,"column":34},"end":{"line":5,"column":3}},"line":2},"1":{"name":"(anonymous_1)","decl":{"start":{"line":7,"column":2},"end":{"line":7,"column":3}},"loc":{"start":{"line":7,"column":11},"end":{"line":21,"column":3}},"line":7},"2":{"name":"(anonymous_2)","decl":{"start":{"line":10,"column":27},"end":{"line":10,"column":28}},"loc":{"start":{"line":10,"column":35},"end":{"line":10,"column":54}},"line":10},"3":{"name":"(anonymous_3)","decl":{"start":{"line":16,"column":6},"end":{"line":16,"column":7}},"loc":{"start":{"line":16,"column":17},"end":{"line":16,"column":28}},"line":16},"4":{"name":"(anonymous_4)","decl":{"start":{"line":23,"column":2},"end":{"line":23,"column":3}},"loc":{"start":{"line":23,"column":9},"end":{"line":32,"column":3}},"line":23},"5":{"name":"(anonymous_5)","decl":{"start":{"line":34,"column":2},"end":{"line":34,"column":3}},"loc":{"start":{"line":34,"column":16},"end":{"line":43,"column":3}},"line":34},"6":{"name":"(anonymous_6)","decl":{"start":{"line":45,"column":2},"end":{"line":45,"column":3}},"loc":{"start":{"line":45,"column":13},"end":{"line":53,"column":3}},"line":45}},"branchMap":{"0":{"loc":{"start":{"line":24,"column":4},"end":{"line":29,"column":5}},"type":"if","locations":[{"start":{"line":24,"column":4},"end":{"line":29,"column":5}},{"start":{"line":27,"column":11},"end":{"line":29,"column":5}}],"line":24},"1":{"loc":{"start":{"line":35,"column":4},"end":{"line":40,"column":5}},"type":"if","locations":[{"start":{"line":35,"column":4},"end":{"line":40,"column":5}},{"start":{"line":38,"column":11},"end":{"line":40,"column":5}}],"line":35},"2":{"loc":{"start":{"line":46,"column":17},"end":{"line":46,"column":47}},"type":"binary-expr","locations":[{"start":{"line":46,"column":17},"end":{"line":46,"column":42}},{"start":{"line":46,"column":46},"end":{"line":46,"column":47}}],"line":46},"3":{"loc":{"start":{"line":47,"column":18},"end":{"line":47,"column":50}},"type":"binary-expr","locations":[{"start":{"line":47,"column":18},"end":{"line":47,"column":44}},{"start":{"line":47,"column":48},"end":{"line":47,"column":50}}],"line":47}},"s":{"0":5,"1":5,"2":5,"3":5,"4":5,"5":20,"6":5,"7":5,"8":0,"9":5,"10":5,"11":5,"12":0,"13":0,"14":5,"15":5,"16":5,"17":0,"18":0,"19":5,"20":5,"21":5,"22":5,"23":5,"24":5,"25":5,"26":3},"f":{"0":5,"1":5,"2":20,"3":0,"4":5,"5":5,"6":5},"b":{"0":[0,5],"1":[0,5],"2":[5,5],"3":[5,5]},"_coverageSchema":"1a1c01bbd47fc00a2c39e90264f33305004495a9","hash":"aa61bef852cbcd08c60980e3136b02ac8e83c052"}
,"C:\\Users\\FAOK\\Desktop\\alt-exam\\utils\\AppError.js": {"path":"C:\\Users\\FAOK\\Desktop\\alt-exam\\utils\\AppError.js","statementMap":{"0":{"start":{"line":3,"column":4},"end":{"line":3,"column":19}},"1":{"start":{"line":4,"column":4},"end":{"line":4,"column":33}},"2":{"start":{"line":5,"column":4},"end":{"line":5,"column":69}},"3":{"start":{"line":6,"column":4},"end":{"line":6,"column":30}},"4":{"start":{"line":8,"column":4},"end":{"line":8,"column":52}},"5":{"start":{"line":11,"column":0},"end":{"line":11,"column":26}}},"fnMap":{"0":{"name":"(anonymous_0)","decl":{"start":{"line":2,"column":2},"end":{"line":2,"column":3}},"loc":{"start":{"line":2,"column":35},"end":{"line":9,"column":3}},"line":2}},"branchMap":{"0":{"loc":{"start":{"line":5,"column":18},"end":{"line":5,"column":68}},"type":"cond-expr","locations":[{"start":{"line":5,"column":52},"end":{"line":5,"column":58}},{"start":{"line":5,"column":61},"end":{"line":5,"column":68}}],"line":5}},"s":{"0":0,"1":0,"2":0,"3":0,"4":0,"5":3},"f":{"0":0},"b":{"0":[0,0]},"_coverageSchema":"1a1c01bbd47fc00a2c39e90264f33305004495a9","hash":"2e8c16f895aa5296680919bb389335c557811ec9"}
,"C:\\Users\\FAOK\\Desktop\\alt-exam\\utils\\catchAsync.js": {"path":"C:\\Users\\FAOK\\Desktop\\alt-exam\\utils\\catchAsync.js","statementMap":{"0":{"start":{"line":1,"column":19},"end":{"line":5,"column":1}},"1":{"start":{"line":2,"column":2},"end":{"line":4,"column":4}},"2":{"start":{"line":3,"column":4},"end":{"line":3,"column":35}},"3":{"start":{"line":6,"column":0},"end":{"line":6,"column":28}}},"fnMap":{"0":{"name":"(anonymous_0)","decl":{"start":{"line":1,"column":19},"end":{"line":1,"column":20}},"loc":{"start":{"line":1,"column":27},"end":{"line":5,"column":1}},"line":1},"1":{"name":"(anonymous_1)","decl":{"start":{"line":2,"column":9},"end":{"line":2,"column":10}},"loc":{"start":{"line":2,"column":29},"end":{"line":4,"column":3}},"line":2}},"branchMap":{},"s":{"0":3,"1":33,"2":18,"3":3},"f":{"0":33,"1":18},"b":{},"_coverageSchema":"1a1c01bbd47fc00a2c39e90264f33305004495a9","hash":"b4ebdcf3dfe0913a89cfbdc82109c2b634734974"}
,"C:\\Users\\FAOK\\Desktop\\alt-exam\\utils\\globalErrorHandler.js": {"path":"C:\\Users\\FAOK\\Desktop\\alt-exam\\utils\\globalErrorHandler.js","statementMap":{"0":{"start":{"line":1,"column":17},"end":{"line":1,"column":38}},"1":{"start":{"line":3,"column":21},"end":{"line":10,"column":1}},"2":{"start":{"line":4,"column":2},"end":{"line":9,"column":5}},"3":{"start":{"line":11,"column":22},"end":{"line":28,"column":1}},"4":{"start":{"line":13,"column":2},"end":{"line":27,"column":3}},"5":{"start":{"line":14,"column":4},"end":{"line":17,"column":7}},"6":{"start":{"line":21,"column":4},"end":{"line":21,"column":32}},"7":{"start":{"line":23,"column":4},"end":{"line":26,"column":7}},"8":{"start":{"line":29,"column":26},"end":{"line":32,"column":1}},"9":{"start":{"line":30,"column":18},"end":{"line":30,"column":53}},"10":{"start":{"line":31,"column":2},"end":{"line":31,"column":36}},"11":{"start":{"line":33,"column":35},"end":{"line":36,"column":1}},"12":{"start":{"line":34,"column":18},"end":{"line":34,"column":93}},"13":{"start":{"line":35,"column":2},"end":{"line":35,"column":36}},"14":{"start":{"line":37,"column":30},"end":{"line":41,"column":1}},"15":{"start":{"line":38,"column":17},"end":{"line":38,"column":68}},"16":{"start":{"line":38,"column":56},"end":{"line":38,"column":67}},"17":{"start":{"line":39,"column":18},"end":{"line":39,"column":60}},"18":{"start":{"line":40,"column":2},"end":{"line":40,"column":36}},"19":{"start":{"line":42,"column":32},"end":{"line":45,"column":1}},"20":{"start":{"line":43,"column":18},"end":{"line":43,"column":47}},"21":{"start":{"line":44,"column":2},"end":{"line":44,"column":36}},"22":{"start":{"line":46,"column":30},"end":{"line":49,"column":1}},"23":{"start":{"line":47,"column":18},"end":{"line":47,"column":54}},"24":{"start":{"line":48,"column":2},"end":{"line":48,"column":36}},"25":{"start":{"line":51,"column":27},"end":{"line":65,"column":1}},"26":{"start":{"line":52,"column":2},"end":{"line":52,"column":41}},"27":{"start":{"line":53,"column":2},"end":{"line":53,"column":37}},"28":{"start":{"line":54,"column":2},"end":{"line":64,"column":3}},"29":{"start":{"line":55,"column":4},"end":{"line":55,"column":27}},"30":{"start":{"line":56,"column":9},"end":{"line":64,"column":3}},"31":{"start":{"line":57,"column":16},"end":{"line":57,"column":26}},"32":{"start":{"line":58,"column":4},"end":{"line":58,"column":65}},"33":{"start":{"line":58,"column":34},"end":{"line":58,"column":65}},"34":{"start":{"line":59,"column":4},"end":{"line":59,"column":68}},"35":{"start":{"line":59,"column":28},"end":{"line":59,"column":68}},"36":{"start":{"line":60,"column":4},"end":{"line":60,"column":75}},"37":{"start":{"line":60,"column":40},"end":{"line":60,"column":75}},"38":{"start":{"line":61,"column":4},"end":{"line":61,"column":79}},"39":{"start":{"line":61,"column":42},"end":{"line":61,"column":79}},"40":{"start":{"line":62,"column":4},"end":{"line":62,"column":77}},"41":{"start":{"line":62,"column":42},"end":{"line":62,"column":77}},"42":{"start":{"line":63,"column":4},"end":{"line":63,"column":30}},"43":{"start":{"line":67,"column":0},"end":{"line":67,"column":36}}},"fnMap":{"0":{"name":"(anonymous_0)","decl":{"start":{"line":3,"column":21},"end":{"line":3,"column":22}},"loc":{"start":{"line":3,"column":35},"end":{"line":10,"column":1}},"line":3},"1":{"name":"(anonymous_1)","decl":{"start":{"line":11,"column":22},"end":{"line":11,"column":23}},"loc":{"start":{"line":11,"column":36},"end":{"line":28,"column":1}},"line":11},"2":{"name":"(anonymous_2)","decl":{"start":{"line":29,"column":26},"end":{"line":29,"column":27}},"loc":{"start":{"line":29,"column":40},"end":{"line":32,"column":1}},"line":29},"3":{"name":"(anonymous_3)","decl":{"start":{"line":33,"column":35},"end":{"line":33,"column":36}},"loc":{"start":{"line":33,"column":44},"end":{"line":36,"column":1}},"line":33},"4":{"name":"(anonymous_4)","decl":{"start":{"line":37,"column":30},"end":{"line":37,"column":31}},"loc":{"start":{"line":37,"column":39},"end":{"line":41,"column":1}},"line":37},"5":{"name":"(anonymous_5)","decl":{"start":{"line":38,"column":47},"end":{"line":38,"column":48}},"loc":{"start":{"line":38,"column":56},"end":{"line":38,"column":67}},"line":38},"6":{"name":"(anonymous_6)","decl":{"start":{"line":42,"column":32},"end":{"line":42,"column":33}},"loc":{"start":{"line":42,"column":41},"end":{"line":45,"column":1}},"line":42},"7":{"name":"(anonymous_7)","decl":{"start":{"line":46,"column":30},"end":{"line":46,"column":31}},"loc":{"start":{"line":46,"column":39},"end":{"line":49,"column":1}},"line":46},"8":{"name":"(anonymous_8)","decl":{"start":{"line":51,"column":27},"end":{"line":51,"column":28}},"loc":{"start":{"line":51,"column":52},"end":{"line":65,"column":1}},"line":51}},"branchMap":{"0":{"loc":{"start":{"line":13,"column":2},"end":{"line":27,"column":3}},"type":"if","locations":[{"start":{"line":13,"column":2},"end":{"line":27,"column":3}},{"start":{"line":18,"column":9},"end":{"line":27,"column":3}}],"line":13},"1":{"loc":{"start":{"line":52,"column":19},"end":{"line":52,"column":40}},"type":"binary-expr","locations":[{"start":{"line":52,"column":19},"end":{"line":52,"column":33}},{"start":{"line":52,"column":37},"end":{"line":52,"column":40}}],"line":52},"2":{"loc":{"start":{"line":53,"column":15},"end":{"line":53,"column":36}},"type":"binary-expr","locations":[{"start":{"line":53,"column":15},"end":{"line":53,"column":25}},{"start":{"line":53,"column":29},"end":{"line":53,"column":36}}],"line":53},"3":{"loc":{"start":{"line":54,"column":2},"end":{"line":64,"column":3}},"type":"if","locations":[{"start":{"line":54,"column":2},"end":{"line":64,"column":3}},{"start":{"line":56,"column":9},"end":{"line":64,"column":3}}],"line":54},"4":{"loc":{"start":{"line":56,"column":9},"end":{"line":64,"column":3}},"type":"if","locations":[{"start":{"line":56,"column":9},"end":{"line":64,"column":3}},{"start":{},"end":{}}],"line":56},"5":{"loc":{"start":{"line":58,"column":4},"end":{"line":58,"column":65}},"type":"if","locations":[{"start":{"line":58,"column":4},"end":{"line":58,"column":65}},{"start":{},"end":{}}],"line":58},"6":{"loc":{"start":{"line":59,"column":4},"end":{"line":59,"column":68}},"type":"if","locations":[{"start":{"line":59,"column":4},"end":{"line":59,"column":68}},{"start":{},"end":{}}],"line":59},"7":{"loc":{"start":{"line":60,"column":4},"end":{"line":60,"column":75}},"type":"if","locations":[{"start":{"line":60,"column":4},"end":{"line":60,"column":75}},{"start":{},"end":{}}],"line":60},"8":{"loc":{"start":{"line":61,"column":4},"end":{"line":61,"column":79}},"type":"if","locations":[{"start":{"line":61,"column":4},"end":{"line":61,"column":79}},{"start":{},"end":{}}],"line":61},"9":{"loc":{"start":{"line":62,"column":4},"end":{"line":62,"column":77}},"type":"if","locations":[{"start":{"line":62,"column":4},"end":{"line":62,"column":77}},{"start":{},"end":{}}],"line":62}},"s":{"0":3,"1":3,"2":0,"3":3,"4":0,"5":0,"6":0,"7":0,"8":3,"9":0,"10":0,"11":3,"12":0,"13":0,"14":3,"15":0,"16":0,"17":0,"18":0,"19":3,"20":0,"21":0,"22":3,"23":0,"24":0,"25":3,"26":0,"27":0,"28":0,"29":0,"30":0,"31":0,"32":0,"33":0,"34":0,"35":0,"36":0,"37":0,"38":0,"39":0,"40":0,"41":0,"42":0,"43":3},"f":{"0":0,"1":0,"2":0,"3":0,"4":0,"5":0,"6":0,"7":0,"8":0},"b":{"0":[0,0],"1":[0,0],"2":[0,0],"3":[0,0],"4":[0,0],"5":[0,0],"6":[0,0],"7":[0,0],"8":[0,0],"9":[0,0]},"_coverageSchema":"1a1c01bbd47fc00a2c39e90264f33305004495a9","hash":"38c0fb5702d3a8dc8932f90ae4ac303a2a271666"}
}
