{"C:\\Users\\FAOK\\Desktop\\alt-exam - Copy (2)\\app.js": {"path":"C:\\Users\\FAOK\\Desktop\\alt-exam - Copy (2)\\app.js","statementMap":{"0":{"start":{"line":1,"column":16},"end":{"line":1,"column":34}},"1":{"start":{"line":2,"column":15},"end":{"line":2,"column":32}},"2":{"start":{"line":3,"column":19},"end":{"line":3,"column":49}},"3":{"start":{"line":4,"column":19},"end":{"line":4,"column":49}},"4":{"start":{"line":5,"column":27},"end":{"line":5,"column":67}},"5":{"start":{"line":6,"column":17},"end":{"line":6,"column":44}},"6":{"start":{"line":7,"column":12},"end":{"line":7,"column":26}},"7":{"start":{"line":8,"column":18},"end":{"line":8,"column":47}},"8":{"start":{"line":9,"column":15},"end":{"line":9,"column":32}},"9":{"start":{"line":10,"column":12},"end":{"line":10,"column":21}},"10":{"start":{"line":14,"column":0},"end":{"line":16,"column":1}},"11":{"start":{"line":15,"column":2},"end":{"line":15,"column":25}},"12":{"start":{"line":17,"column":0},"end":{"line":17,"column":18}},"13":{"start":{"line":19,"column":16},"end":{"line":23,"column":2}},"14":{"start":{"line":25,"column":0},"end":{"line":25,"column":25}},"15":{"start":{"line":27,"column":0},"end":{"line":31,"column":2}},"16":{"start":{"line":33,"column":0},"end":{"line":33,"column":41}},"17":{"start":{"line":35,"column":0},"end":{"line":35,"column":37}},"18":{"start":{"line":36,"column":0},"end":{"line":36,"column":37}},"19":{"start":{"line":38,"column":0},"end":{"line":40,"column":3}},"20":{"start":{"line":39,"column":2},"end":{"line":39,"column":75}},"21":{"start":{"line":42,"column":0},"end":{"line":42,"column":28}},"22":{"start":{"line":44,"column":0},"end":{"line":44,"column":21}}},"fnMap":{"0":{"name":"(anonymous_0)","decl":{"start":{"line":38,"column":13},"end":{"line":38,"column":14}},"loc":{"start":{"line":38,"column":33},"end":{"line":40,"column":1}},"line":38}},"branchMap":{"0":{"loc":{"start":{"line":14,"column":0},"end":{"line":16,"column":1}},"type":"if","locations":[{"start":{"line":14,"column":0},"end":{"line":16,"column":1}},{"start":{},"end":{}}],"line":14}},"s":{"0":3,"1":3,"2":3,"3":3,"4":3,"5":3,"6":3,"7":3,"8":3,"9":3,"10":3,"11":0,"12":3,"13":3,"14":3,"15":3,"16":3,"17":3,"18":3,"19":3,"20":0,"21":3,"22":3},"f":{"0":0},"b":{"0":[0,3]},"_coverageSchema":"1a1c01bbd47fc00a2c39e90264f33305004495a9","hash":"bcabc7b1b6cb18d659cf9290db71872f42fc7cbd"}
,"C:\\Users\\FAOK\\Desktop\\alt-exam - Copy (2)\\controllers\\authController.js": {"path":"C:\\Users\\FAOK\\Desktop\\alt-exam - Copy (2)\\controllers\\authController.js","statementMap":{"0":{"start":{"line":1,"column":17},"end":{"line":1,"column":45}},"1":{"start":{"line":2,"column":19},"end":{"line":2,"column":49}},"2":{"start":{"line":3,"column":13},"end":{"line":3,"column":43}},"3":{"start":{"line":4,"column":12},"end":{"line":4,"column":35}},"4":{"start":{"line":5,"column":22},"end":{"line":5,"column":37}},"5":{"start":{"line":7,"column":18},"end":{"line":11,"column":1}},"6":{"start":{"line":8,"column":2},"end":{"line":10,"column":5}},"7":{"start":{"line":12,"column":24},"end":{"line":30,"column":1}},"8":{"start":{"line":13,"column":16},"end":{"line":13,"column":35}},"9":{"start":{"line":14,"column":24},"end":{"line":19,"column":3}},"10":{"start":{"line":20,"column":2},"end":{"line":20,"column":73}},"11":{"start":{"line":20,"column":45},"end":{"line":20,"column":73}},"12":{"start":{"line":21,"column":2},"end":{"line":21,"column":42}},"13":{"start":{"line":22,"column":2},"end":{"line":22,"column":28}},"14":{"start":{"line":23,"column":2},"end":{"line":29,"column":5}},"15":{"start":{"line":32,"column":0},"end":{"line":36,"column":3}},"16":{"start":{"line":33,"column":18},"end":{"line":33,"column":45}},"17":{"start":{"line":34,"column":2},"end":{"line":34,"column":67}},"18":{"start":{"line":34,"column":16},"end":{"line":34,"column":67}},"19":{"start":{"line":35,"column":2},"end":{"line":35,"column":37}},"20":{"start":{"line":38,"column":0},"end":{"line":48,"column":3}},"21":{"start":{"line":39,"column":30},"end":{"line":39,"column":38}},"22":{"start":{"line":40,"column":2},"end":{"line":42,"column":3}},"23":{"start":{"line":41,"column":4},"end":{"line":41,"column":72}},"24":{"start":{"line":43,"column":15},"end":{"line":43,"column":64}},"25":{"start":{"line":44,"column":2},"end":{"line":46,"column":3}},"26":{"start":{"line":45,"column":4},"end":{"line":45,"column":66}},"27":{"start":{"line":47,"column":2},"end":{"line":47,"column":34}},"28":{"start":{"line":50,"column":0},"end":{"line":67,"column":3}},"29":{"start":{"line":51,"column":2},"end":{"line":57,"column":3}},"30":{"start":{"line":56,"column":4},"end":{"line":56,"column":59}},"31":{"start":{"line":58,"column":16},"end":{"line":58,"column":55}},"32":{"start":{"line":59,"column":18},"end":{"line":59,"column":76}},"33":{"start":{"line":60,"column":2},"end":{"line":60,"column":67}},"34":{"start":{"line":60,"column":16},"end":{"line":60,"column":67}},"35":{"start":{"line":61,"column":15},"end":{"line":61,"column":46}},"36":{"start":{"line":62,"column":2},"end":{"line":64,"column":3}},"37":{"start":{"line":63,"column":4},"end":{"line":63,"column":58}},"38":{"start":{"line":65,"column":2},"end":{"line":65,"column":18}},"39":{"start":{"line":66,"column":2},"end":{"line":66,"column":9}}},"fnMap":{"0":{"name":"(anonymous_0)","decl":{"start":{"line":7,"column":18},"end":{"line":7,"column":19}},"loc":{"start":{"line":7,"column":26},"end":{"line":11,"column":1}},"line":7},"1":{"name":"(anonymous_1)","decl":{"start":{"line":12,"column":24},"end":{"line":12,"column":25}},"loc":{"start":{"line":12,"column":51},"end":{"line":30,"column":1}},"line":12},"2":{"name":"(anonymous_2)","decl":{"start":{"line":32,"column":28},"end":{"line":32,"column":29}},"loc":{"start":{"line":32,"column":54},"end":{"line":36,"column":1}},"line":32},"3":{"name":"(anonymous_3)","decl":{"start":{"line":38,"column":27},"end":{"line":38,"column":28}},"loc":{"start":{"line":38,"column":53},"end":{"line":48,"column":1}},"line":38},"4":{"name":"(anonymous_4)","decl":{"start":{"line":50,"column":29},"end":{"line":50,"column":30}},"loc":{"start":{"line":50,"column":55},"end":{"line":67,"column":1}},"line":50}},"branchMap":{"0":{"loc":{"start":{"line":20,"column":2},"end":{"line":20,"column":73}},"type":"if","locations":[{"start":{"line":20,"column":2},"end":{"line":20,"column":73}},{"start":{},"end":{}}],"line":20},"1":{"loc":{"start":{"line":34,"column":2},"end":{"line":34,"column":67}},"type":"if","locations":[{"start":{"line":34,"column":2},"end":{"line":34,"column":67}},{"start":{},"end":{}}],"line":34},"2":{"loc":{"start":{"line":40,"column":2},"end":{"line":42,"column":3}},"type":"if","locations":[{"start":{"line":40,"column":2},"end":{"line":42,"column":3}},{"start":{},"end":{}}],"line":40},"3":{"loc":{"start":{"line":40,"column":6},"end":{"line":40,"column":25}},"type":"binary-expr","locations":[{"start":{"line":40,"column":6},"end":{"line":40,"column":12}},{"start":{"line":40,"column":16},"end":{"line":40,"column":25}}],"line":40},"4":{"loc":{"start":{"line":44,"column":2},"end":{"line":46,"column":3}},"type":"if","locations":[{"start":{"line":44,"column":2},"end":{"line":46,"column":3}},{"start":{},"end":{}}],"line":44},"5":{"loc":{"start":{"line":44,"column":6},"end":{"line":44,"column":69}},"type":"binary-expr","locations":[{"start":{"line":44,"column":6},"end":{"line":44,"column":11}},{"start":{"line":44,"column":15},"end":{"line":44,"column":69}}],"line":44},"6":{"loc":{"start":{"line":51,"column":2},"end":{"line":57,"column":3}},"type":"if","locations":[{"start":{"line":51,"column":2},"end":{"line":57,"column":3}},{"start":{},"end":{}}],"line":51},"7":{"loc":{"start":{"line":52,"column":4},"end":{"line":54,"column":51}},"type":"binary-expr","locations":[{"start":{"line":52,"column":4},"end":{"line":52,"column":16}},{"start":{"line":53,"column":4},"end":{"line":53,"column":30}},{"start":{"line":54,"column":4},"end":{"line":54,"column":51}}],"line":52},"8":{"loc":{"start":{"line":60,"column":2},"end":{"line":60,"column":67}},"type":"if","locations":[{"start":{"line":60,"column":2},"end":{"line":60,"column":67}},{"start":{},"end":{}}],"line":60},"9":{"loc":{"start":{"line":62,"column":2},"end":{"line":64,"column":3}},"type":"if","locations":[{"start":{"line":62,"column":2},"end":{"line":64,"column":3}},{"start":{},"end":{}}],"line":62}},"s":{"0":3,"1":3,"2":3,"3":3,"4":3,"5":3,"6":1,"7":3,"8":1,"9":1,"10":1,"11":0,"12":1,"13":1,"14":1,"15":3,"16":0,"17":0,"18":0,"19":0,"20":3,"21":1,"22":1,"23":0,"24":1,"25":1,"26":0,"27":1,"28":3,"29":0,"30":0,"31":0,"32":0,"33":0,"34":0,"35":0,"36":0,"37":0,"38":0,"39":0},"f":{"0":1,"1":1,"2":0,"3":1,"4":0},"b":{"0":[0,1],"1":[0,0],"2":[0,1],"3":[1,1],"4":[0,1],"5":[1,1],"6":[0,0],"7":[0,0,0],"8":[0,0],"9":[0,0]},"_coverageSchema":"1a1c01bbd47fc00a2c39e90264f33305004495a9","hash":"3e977c7683f528ae4dd3de3ae078bc1fe6269a82"}
,"C:\\Users\\FAOK\\Desktop\\alt-exam - Copy (2)\\controllers\\blogController.js": {"path":"C:\\Users\\FAOK\\Desktop\\alt-exam - Copy (2)\\controllers\\blogController.js","statementMap":{"0":{"start":{"line":1,"column":17},"end":{"line":1,"column":45}},"1":{"start":{"line":2,"column":19},"end":{"line":2,"column":49}},"2":{"start":{"line":3,"column":13},"end":{"line":3,"column":43}},"3":{"start":{"line":4,"column":20},"end":{"line":4,"column":51}},"4":{"start":{"line":6,"column":0},"end":{"line":20,"column":3}},"5":{"start":{"line":7,"column":19},"end":{"line":11,"column":15}},"6":{"start":{"line":12,"column":16},"end":{"line":12,"column":36}},"7":{"start":{"line":13,"column":2},"end":{"line":19,"column":5}},"8":{"start":{"line":21,"column":0},"end":{"line":40,"column":3}},"9":{"start":{"line":22,"column":26},"end":{"line":29,"column":3}},"10":{"start":{"line":30,"column":18},"end":{"line":30,"column":52}},"11":{"start":{"line":31,"column":2},"end":{"line":33,"column":3}},"12":{"start":{"line":32,"column":4},"end":{"line":32,"column":64}},"13":{"start":{"line":34,"column":2},"end":{"line":39,"column":5}},"14":{"start":{"line":41,"column":0},"end":{"line":57,"column":3}},"15":{"start":{"line":42,"column":15},"end":{"line":47,"column":31}},"16":{"start":{"line":48,"column":2},"end":{"line":48,"column":62}},"17":{"start":{"line":48,"column":13},"end":{"line":48,"column":62}},"18":{"start":{"line":49,"column":2},"end":{"line":49,"column":20}},"19":{"start":{"line":50,"column":2},"end":{"line":50,"column":20}},"20":{"start":{"line":51,"column":2},"end":{"line":56,"column":5}},"21":{"start":{"line":58,"column":0},"end":{"line":93,"column":3}},"22":{"start":{"line":59,"column":13},"end":{"line":59,"column":54}},"23":{"start":{"line":61,"column":2},"end":{"line":61,"column":62}},"24":{"start":{"line":61,"column":13},"end":{"line":61,"column":62}},"25":{"start":{"line":63,"column":2},"end":{"line":66,"column":6}},"26":{"start":{"line":64,"column":4},"end":{"line":66,"column":6}},"27":{"start":{"line":68,"column":2},"end":{"line":70,"column":3}},"28":{"start":{"line":69,"column":4},"end":{"line":69,"column":32}},"29":{"start":{"line":71,"column":2},"end":{"line":73,"column":3}},"30":{"start":{"line":72,"column":4},"end":{"line":72,"column":44}},"31":{"start":{"line":74,"column":2},"end":{"line":76,"column":3}},"32":{"start":{"line":75,"column":4},"end":{"line":75,"column":32}},"33":{"start":{"line":77,"column":2},"end":{"line":79,"column":3}},"34":{"start":{"line":78,"column":4},"end":{"line":78,"column":30}},"35":{"start":{"line":80,"column":2},"end":{"line":82,"column":3}},"36":{"start":{"line":81,"column":4},"end":{"line":81,"column":30}},"37":{"start":{"line":84,"column":22},"end":{"line":84,"column":39}},"38":{"start":{"line":86,"column":2},"end":{"line":86,"column":71}},"39":{"start":{"line":86,"column":20},"end":{"line":86,"column":71}},"40":{"start":{"line":87,"column":2},"end":{"line":92,"column":5}},"41":{"start":{"line":95,"column":0},"end":{"line":108,"column":3}},"42":{"start":{"line":96,"column":15},"end":{"line":96,"column":56}},"43":{"start":{"line":97,"column":2},"end":{"line":97,"column":62}},"44":{"start":{"line":97,"column":13},"end":{"line":97,"column":62}},"45":{"start":{"line":98,"column":2},"end":{"line":101,"column":6}},"46":{"start":{"line":99,"column":4},"end":{"line":101,"column":6}},"47":{"start":{"line":102,"column":22},"end":{"line":102,"column":65}},"48":{"start":{"line":103,"column":2},"end":{"line":103,"column":71}},"49":{"start":{"line":103,"column":20},"end":{"line":103,"column":71}},"50":{"start":{"line":104,"column":2},"end":{"line":107,"column":5}},"51":{"start":{"line":109,"column":0},"end":{"line":128,"column":3}},"52":{"start":{"line":110,"column":19},"end":{"line":117,"column":15}},"53":{"start":{"line":119,"column":16},"end":{"line":119,"column":36}},"54":{"start":{"line":120,"column":2},"end":{"line":120,"column":63}},"55":{"start":{"line":120,"column":14},"end":{"line":120,"column":63}},"56":{"start":{"line":121,"column":2},"end":{"line":127,"column":5}}},"fnMap":{"0":{"name":"(anonymous_0)","decl":{"start":{"line":6,"column":33},"end":{"line":6,"column":34}},"loc":{"start":{"line":6,"column":59},"end":{"line":20,"column":1}},"line":6},"1":{"name":"(anonymous_1)","decl":{"start":{"line":21,"column":32},"end":{"line":21,"column":33}},"loc":{"start":{"line":21,"column":58},"end":{"line":40,"column":1}},"line":21},"2":{"name":"(anonymous_2)","decl":{"start":{"line":41,"column":29},"end":{"line":41,"column":30}},"loc":{"start":{"line":41,"column":55},"end":{"line":57,"column":1}},"line":41},"3":{"name":"(anonymous_3)","decl":{"start":{"line":58,"column":32},"end":{"line":58,"column":33}},"loc":{"start":{"line":58,"column":58},"end":{"line":93,"column":1}},"line":58},"4":{"name":"(anonymous_4)","decl":{"start":{"line":95,"column":32},"end":{"line":95,"column":33}},"loc":{"start":{"line":95,"column":58},"end":{"line":108,"column":1}},"line":95},"5":{"name":"(anonymous_5)","decl":{"start":{"line":109,"column":32},"end":{"line":109,"column":33}},"loc":{"start":{"line":109,"column":58},"end":{"line":128,"column":1}},"line":109}},"branchMap":{"0":{"loc":{"start":{"line":31,"column":2},"end":{"line":33,"column":3}},"type":"if","locations":[{"start":{"line":31,"column":2},"end":{"line":33,"column":3}},{"start":{},"end":{}}],"line":31},"1":{"loc":{"start":{"line":48,"column":2},"end":{"line":48,"column":62}},"type":"if","locations":[{"start":{"line":48,"column":2},"end":{"line":48,"column":62}},{"start":{},"end":{}}],"line":48},"2":{"loc":{"start":{"line":61,"column":2},"end":{"line":61,"column":62}},"type":"if","locations":[{"start":{"line":61,"column":2},"end":{"line":61,"column":62}},{"start":{},"end":{}}],"line":61},"3":{"loc":{"start":{"line":63,"column":2},"end":{"line":66,"column":6}},"type":"if","locations":[{"start":{"line":63,"column":2},"end":{"line":66,"column":6}},{"start":{},"end":{}}],"line":63},"4":{"loc":{"start":{"line":68,"column":2},"end":{"line":70,"column":3}},"type":"if","locations":[{"start":{"line":68,"column":2},"end":{"line":70,"column":3}},{"start":{},"end":{}}],"line":68},"5":{"loc":{"start":{"line":71,"column":2},"end":{"line":73,"column":3}},"type":"if","locations":[{"start":{"line":71,"column":2},"end":{"line":73,"column":3}},{"start":{},"end":{}}],"line":71},"6":{"loc":{"start":{"line":74,"column":2},"end":{"line":76,"column":3}},"type":"if","locations":[{"start":{"line":74,"column":2},"end":{"line":76,"column":3}},{"start":{},"end":{}}],"line":74},"7":{"loc":{"start":{"line":77,"column":2},"end":{"line":79,"column":3}},"type":"if","locations":[{"start":{"line":77,"column":2},"end":{"line":79,"column":3}},{"start":{},"end":{}}],"line":77},"8":{"loc":{"start":{"line":80,"column":2},"end":{"line":82,"column":3}},"type":"if","locations":[{"start":{"line":80,"column":2},"end":{"line":82,"column":3}},{"start":{},"end":{}}],"line":80},"9":{"loc":{"start":{"line":86,"column":2},"end":{"line":86,"column":71}},"type":"if","locations":[{"start":{"line":86,"column":2},"end":{"line":86,"column":71}},{"start":{},"end":{}}],"line":86},"10":{"loc":{"start":{"line":97,"column":2},"end":{"line":97,"column":62}},"type":"if","locations":[{"start":{"line":97,"column":2},"end":{"line":97,"column":62}},{"start":{},"end":{}}],"line":97},"11":{"loc":{"start":{"line":98,"column":2},"end":{"line":101,"column":6}},"type":"if","locations":[{"start":{"line":98,"column":2},"end":{"line":101,"column":6}},{"start":{},"end":{}}],"line":98},"12":{"loc":{"start":{"line":103,"column":2},"end":{"line":103,"column":71}},"type":"if","locations":[{"start":{"line":103,"column":2},"end":{"line":103,"column":71}},{"start":{},"end":{}}],"line":103},"13":{"loc":{"start":{"line":120,"column":2},"end":{"line":120,"column":63}},"type":"if","locations":[{"start":{"line":120,"column":2},"end":{"line":120,"column":63}},{"start":{},"end":{}}],"line":120}},"s":{"0":3,"1":3,"2":3,"3":3,"4":3,"5":0,"6":0,"7":0,"8":3,"9":0,"10":0,"11":0,"12":0,"13":0,"14":3,"15":0,"16":0,"17":0,"18":0,"19":0,"20":0,"21":3,"22":0,"23":0,"24":0,"25":0,"26":0,"27":0,"28":0,"29":0,"30":0,"31":0,"32":0,"33":0,"34":0,"35":0,"36":0,"37":0,"38":0,"39":0,"40":0,"41":3,"42":0,"43":0,"44":0,"45":0,"46":0,"47":0,"48":0,"49":0,"50":0,"51":3,"52":0,"53":0,"54":0,"55":0,"56":0},"f":{"0":0,"1":0,"2":0,"3":0,"4":0,"5":0},"b":{"0":[0,0],"1":[0,0],"2":[0,0],"3":[0,0],"4":[0,0],"5":[0,0],"6":[0,0],"7":[0,0],"8":[0,0],"9":[0,0],"10":[0,0],"11":[0,0],"12":[0,0],"13":[0,0]},"_coverageSchema":"1a1c01bbd47fc00a2c39e90264f33305004495a9","hash":"029509c615fdddc9bc3453c7c6c77c58c3c0855c"}
,"C:\\Users\\FAOK\\Desktop\\alt-exam - Copy (2)\\controllers\\errorController.js": {"path":"C:\\Users\\FAOK\\Desktop\\alt-exam - Copy (2)\\controllers\\errorController.js","statementMap":{"0":{"start":{"line":1,"column":17},"end":{"line":1,"column":45}},"1":{"start":{"line":3,"column":26},"end":{"line":6,"column":1}},"2":{"start":{"line":4,"column":18},"end":{"line":4,"column":53}},"3":{"start":{"line":5,"column":2},"end":{"line":5,"column":36}},"4":{"start":{"line":7,"column":35},"end":{"line":10,"column":1}},"5":{"start":{"line":8,"column":18},"end":{"line":8,"column":93}},"6":{"start":{"line":9,"column":2},"end":{"line":9,"column":36}},"7":{"start":{"line":11,"column":30},"end":{"line":15,"column":1}},"8":{"start":{"line":12,"column":17},"end":{"line":12,"column":68}},"9":{"start":{"line":12,"column":56},"end":{"line":12,"column":67}},"10":{"start":{"line":13,"column":18},"end":{"line":13,"column":60}},"11":{"start":{"line":14,"column":2},"end":{"line":14,"column":36}},"12":{"start":{"line":16,"column":32},"end":{"line":19,"column":1}},"13":{"start":{"line":17,"column":18},"end":{"line":17,"column":47}},"14":{"start":{"line":18,"column":2},"end":{"line":18,"column":36}},"15":{"start":{"line":20,"column":30},"end":{"line":23,"column":1}},"16":{"start":{"line":21,"column":18},"end":{"line":21,"column":54}},"17":{"start":{"line":22,"column":2},"end":{"line":22,"column":36}},"18":{"start":{"line":25,"column":21},"end":{"line":32,"column":1}},"19":{"start":{"line":26,"column":2},"end":{"line":31,"column":5}},"20":{"start":{"line":34,"column":22},"end":{"line":53,"column":1}},"21":{"start":{"line":36,"column":2},"end":{"line":52,"column":3}},"22":{"start":{"line":37,"column":4},"end":{"line":40,"column":7}},"23":{"start":{"line":45,"column":4},"end":{"line":45,"column":32}},"24":{"start":{"line":48,"column":4},"end":{"line":51,"column":7}},"25":{"start":{"line":54,"column":0},"end":{"line":75,"column":2}},"26":{"start":{"line":55,"column":2},"end":{"line":55,"column":41}},"27":{"start":{"line":56,"column":2},"end":{"line":56,"column":37}},"28":{"start":{"line":57,"column":2},"end":{"line":74,"column":3}},"29":{"start":{"line":58,"column":4},"end":{"line":58,"column":27}},"30":{"start":{"line":59,"column":9},"end":{"line":74,"column":3}},"31":{"start":{"line":60,"column":16},"end":{"line":60,"column":26}},"32":{"start":{"line":61,"column":4},"end":{"line":61,"column":32}},"33":{"start":{"line":62,"column":4},"end":{"line":62,"column":65}},"34":{"start":{"line":62,"column":34},"end":{"line":62,"column":65}},"35":{"start":{"line":63,"column":4},"end":{"line":63,"column":68}},"36":{"start":{"line":63,"column":28},"end":{"line":63,"column":68}},"37":{"start":{"line":64,"column":4},"end":{"line":66,"column":5}},"38":{"start":{"line":65,"column":6},"end":{"line":65,"column":41}},"39":{"start":{"line":67,"column":4},"end":{"line":69,"column":5}},"40":{"start":{"line":68,"column":6},"end":{"line":68,"column":43}},"41":{"start":{"line":70,"column":4},"end":{"line":72,"column":5}},"42":{"start":{"line":71,"column":6},"end":{"line":71,"column":41}},"43":{"start":{"line":73,"column":4},"end":{"line":73,"column":30}}},"fnMap":{"0":{"name":"(anonymous_0)","decl":{"start":{"line":3,"column":26},"end":{"line":3,"column":27}},"loc":{"start":{"line":3,"column":40},"end":{"line":6,"column":1}},"line":3},"1":{"name":"(anonymous_1)","decl":{"start":{"line":7,"column":35},"end":{"line":7,"column":36}},"loc":{"start":{"line":7,"column":44},"end":{"line":10,"column":1}},"line":7},"2":{"name":"(anonymous_2)","decl":{"start":{"line":11,"column":30},"end":{"line":11,"column":31}},"loc":{"start":{"line":11,"column":39},"end":{"line":15,"column":1}},"line":11},"3":{"name":"(anonymous_3)","decl":{"start":{"line":12,"column":47},"end":{"line":12,"column":48}},"loc":{"start":{"line":12,"column":56},"end":{"line":12,"column":67}},"line":12},"4":{"name":"(anonymous_4)","decl":{"start":{"line":16,"column":32},"end":{"line":16,"column":33}},"loc":{"start":{"line":16,"column":41},"end":{"line":19,"column":1}},"line":16},"5":{"name":"(anonymous_5)","decl":{"start":{"line":20,"column":30},"end":{"line":20,"column":31}},"loc":{"start":{"line":20,"column":39},"end":{"line":23,"column":1}},"line":20},"6":{"name":"(anonymous_6)","decl":{"start":{"line":25,"column":21},"end":{"line":25,"column":22}},"loc":{"start":{"line":25,"column":35},"end":{"line":32,"column":1}},"line":25},"7":{"name":"(anonymous_7)","decl":{"start":{"line":34,"column":22},"end":{"line":34,"column":23}},"loc":{"start":{"line":34,"column":36},"end":{"line":53,"column":1}},"line":34},"8":{"name":"(anonymous_8)","decl":{"start":{"line":54,"column":17},"end":{"line":54,"column":18}},"loc":{"start":{"line":54,"column":42},"end":{"line":75,"column":1}},"line":54}},"branchMap":{"0":{"loc":{"start":{"line":36,"column":2},"end":{"line":52,"column":3}},"type":"if","locations":[{"start":{"line":36,"column":2},"end":{"line":52,"column":3}},{"start":{"line":42,"column":9},"end":{"line":52,"column":3}}],"line":36},"1":{"loc":{"start":{"line":55,"column":19},"end":{"line":55,"column":40}},"type":"binary-expr","locations":[{"start":{"line":55,"column":19},"end":{"line":55,"column":33}},{"start":{"line":55,"column":37},"end":{"line":55,"column":40}}],"line":55},"2":{"loc":{"start":{"line":56,"column":15},"end":{"line":56,"column":36}},"type":"binary-expr","locations":[{"start":{"line":56,"column":15},"end":{"line":56,"column":25}},{"start":{"line":56,"column":29},"end":{"line":56,"column":36}}],"line":56},"3":{"loc":{"start":{"line":57,"column":2},"end":{"line":74,"column":3}},"type":"if","locations":[{"start":{"line":57,"column":2},"end":{"line":74,"column":3}},{"start":{"line":59,"column":9},"end":{"line":74,"column":3}}],"line":57},"4":{"loc":{"start":{"line":59,"column":9},"end":{"line":74,"column":3}},"type":"if","locations":[{"start":{"line":59,"column":9},"end":{"line":74,"column":3}},{"start":{},"end":{}}],"line":59},"5":{"loc":{"start":{"line":62,"column":4},"end":{"line":62,"column":65}},"type":"if","locations":[{"start":{"line":62,"column":4},"end":{"line":62,"column":65}},{"start":{},"end":{}}],"line":62},"6":{"loc":{"start":{"line":63,"column":4},"end":{"line":63,"column":68}},"type":"if","locations":[{"start":{"line":63,"column":4},"end":{"line":63,"column":68}},{"start":{},"end":{}}],"line":63},"7":{"loc":{"start":{"line":64,"column":4},"end":{"line":66,"column":5}},"type":"if","locations":[{"start":{"line":64,"column":4},"end":{"line":66,"column":5}},{"start":{},"end":{}}],"line":64},"8":{"loc":{"start":{"line":67,"column":4},"end":{"line":69,"column":5}},"type":"if","locations":[{"start":{"line":67,"column":4},"end":{"line":69,"column":5}},{"start":{},"end":{}}],"line":67},"9":{"loc":{"start":{"line":70,"column":4},"end":{"line":72,"column":5}},"type":"if","locations":[{"start":{"line":70,"column":4},"end":{"line":72,"column":5}},{"start":{},"end":{}}],"line":70}},"s":{"0":3,"1":3,"2":0,"3":0,"4":3,"5":0,"6":0,"7":3,"8":0,"9":0,"10":0,"11":0,"12":3,"13":0,"14":0,"15":3,"16":0,"17":0,"18":3,"19":0,"20":3,"21":0,"22":0,"23":0,"24":0,"25":3,"26":0,"27":0,"28":0,"29":0,"30":0,"31":0,"32":0,"33":0,"34":0,"35":0,"36":0,"37":0,"38":0,"39":0,"40":0,"41":0,"42":0,"43":0},"f":{"0":0,"1":0,"2":0,"3":0,"4":0,"5":0,"6":0,"7":0,"8":0},"b":{"0":[0,0],"1":[0,0],"2":[0,0],"3":[0,0],"4":[0,0],"5":[0,0],"6":[0,0],"7":[0,0],"8":[0,0],"9":[0,0]},"_coverageSchema":"1a1c01bbd47fc00a2c39e90264f33305004495a9","hash":"f9a6575afa62261d7820d7fc7c8e6e493b70b862"}
,"C:\\Users\\FAOK\\Desktop\\alt-exam - Copy (2)\\controllers\\userController.js": {"path":"C:\\Users\\FAOK\\Desktop\\alt-exam - Copy (2)\\controllers\\userController.js","statementMap":{"0":{"start":{"line":1,"column":17},"end":{"line":1,"column":45}},"1":{"start":{"line":2,"column":19},"end":{"line":2,"column":49}},"2":{"start":{"line":3,"column":13},"end":{"line":3,"column":43}},"3":{"start":{"line":4,"column":20},"end":{"line":4,"column":51}},"4":{"start":{"line":6,"column":0},"end":{"line":20,"column":3}},"5":{"start":{"line":7,"column":19},"end":{"line":11,"column":15}},"6":{"start":{"line":12,"column":16},"end":{"line":12,"column":36}},"7":{"start":{"line":13,"column":2},"end":{"line":19,"column":5}},"8":{"start":{"line":22,"column":0},"end":{"line":31,"column":3}},"9":{"start":{"line":23,"column":15},"end":{"line":23,"column":67}},"10":{"start":{"line":24,"column":2},"end":{"line":24,"column":62}},"11":{"start":{"line":24,"column":13},"end":{"line":24,"column":62}},"12":{"start":{"line":25,"column":2},"end":{"line":30,"column":5}}},"fnMap":{"0":{"name":"(anonymous_0)","decl":{"start":{"line":6,"column":33},"end":{"line":6,"column":34}},"loc":{"start":{"line":6,"column":59},"end":{"line":20,"column":1}},"line":6},"1":{"name":"(anonymous_1)","decl":{"start":{"line":22,"column":29},"end":{"line":22,"column":30}},"loc":{"start":{"line":22,"column":55},"end":{"line":31,"column":1}},"line":22}},"branchMap":{"0":{"loc":{"start":{"line":24,"column":2},"end":{"line":24,"column":62}},"type":"if","locations":[{"start":{"line":24,"column":2},"end":{"line":24,"column":62}},{"start":{},"end":{}}],"line":24}},"s":{"0":3,"1":3,"2":3,"3":3,"4":3,"5":0,"6":0,"7":0,"8":3,"9":0,"10":0,"11":0,"12":0},"f":{"0":0,"1":0},"b":{"0":[0,0]},"_coverageSchema":"1a1c01bbd47fc00a2c39e90264f33305004495a9","hash":"c82511d43745661bbbae3ec8dc6d7551642fc8b0"}
,"C:\\Users\\FAOK\\Desktop\\alt-exam - Copy (2)\\models\\blogModel.js": {"path":"C:\\Users\\FAOK\\Desktop\\alt-exam - Copy (2)\\models\\blogModel.js","statementMap":{"0":{"start":{"line":1,"column":17},"end":{"line":1,"column":36}},"1":{"start":{"line":2,"column":19},"end":{"line":49,"column":1}},"2":{"start":{"line":50,"column":0},"end":{"line":56,"column":3}},"3":{"start":{"line":51,"column":2},"end":{"line":54,"column":5}},"4":{"start":{"line":55,"column":2},"end":{"line":55,"column":9}},"5":{"start":{"line":57,"column":0},"end":{"line":60,"column":3}},"6":{"start":{"line":58,"column":2},"end":{"line":58,"column":67}},"7":{"start":{"line":59,"column":2},"end":{"line":59,"column":9}},"8":{"start":{"line":61,"column":13},"end":{"line":61,"column":47}},"9":{"start":{"line":62,"column":0},"end":{"line":62,"column":22}}},"fnMap":{"0":{"name":"(anonymous_0)","decl":{"start":{"line":50,"column":24},"end":{"line":50,"column":25}},"loc":{"start":{"line":50,"column":40},"end":{"line":56,"column":1}},"line":50},"1":{"name":"(anonymous_1)","decl":{"start":{"line":57,"column":23},"end":{"line":57,"column":24}},"loc":{"start":{"line":57,"column":39},"end":{"line":60,"column":1}},"line":57}},"branchMap":{},"s":{"0":3,"1":3,"2":3,"3":0,"4":0,"5":3,"6":0,"7":0,"8":3,"9":3},"f":{"0":0,"1":0},"b":{},"_coverageSchema":"1a1c01bbd47fc00a2c39e90264f33305004495a9","hash":"575275c5ab2122df88b8ac8ec1f8053892ca48d2"}
,"C:\\Users\\FAOK\\Desktop\\alt-exam - Copy (2)\\models\\userModel.js": {"path":"C:\\Users\\FAOK\\Desktop\\alt-exam - Copy (2)\\models\\userModel.js","statementMap":{"0":{"start":{"line":1,"column":17},"end":{"line":1,"column":36}},"1":{"start":{"line":2,"column":18},"end":{"line":2,"column":38}},"2":{"start":{"line":3,"column":15},"end":{"line":3,"column":34}},"3":{"start":{"line":4,"column":19},"end":{"line":47,"column":1}},"4":{"start":{"line":37,"column":10},"end":{"line":37,"column":38}},"5":{"start":{"line":48,"column":0},"end":{"line":52,"column":3}},"6":{"start":{"line":53,"column":0},"end":{"line":58,"column":3}},"7":{"start":{"line":54,"column":2},"end":{"line":54,"column":50}},"8":{"start":{"line":54,"column":36},"end":{"line":54,"column":50}},"9":{"start":{"line":55,"column":2},"end":{"line":55,"column":55}},"10":{"start":{"line":56,"column":2},"end":{"line":56,"column":35}},"11":{"start":{"line":57,"column":2},"end":{"line":57,"column":9}},"12":{"start":{"line":59,"column":0},"end":{"line":64,"column":2}},"13":{"start":{"line":63,"column":2},"end":{"line":63,"column":63}},"14":{"start":{"line":65,"column":13},"end":{"line":65,"column":47}},"15":{"start":{"line":67,"column":0},"end":{"line":67,"column":22}}},"fnMap":{"0":{"name":"(anonymous_0)","decl":{"start":{"line":36,"column":19},"end":{"line":36,"column":20}},"loc":{"start":{"line":36,"column":33},"end":{"line":38,"column":9}},"line":36},"1":{"name":"(anonymous_1)","decl":{"start":{"line":53,"column":23},"end":{"line":53,"column":24}},"loc":{"start":{"line":53,"column":45},"end":{"line":58,"column":1}},"line":53},"2":{"name":"(anonymous_2)","decl":{"start":{"line":59,"column":37},"end":{"line":59,"column":38}},"loc":{"start":{"line":62,"column":2},"end":{"line":64,"column":1}},"line":62}},"branchMap":{"0":{"loc":{"start":{"line":54,"column":2},"end":{"line":54,"column":50}},"type":"if","locations":[{"start":{"line":54,"column":2},"end":{"line":54,"column":50}},{"start":{},"end":{}}],"line":54}},"s":{"0":3,"1":3,"2":3,"3":3,"4":4,"5":3,"6":3,"7":4,"8":0,"9":4,"10":4,"11":4,"12":3,"13":1,"14":3,"15":3},"f":{"0":4,"1":4,"2":1},"b":{"0":[0,4]},"_coverageSchema":"1a1c01bbd47fc00a2c39e90264f33305004495a9","hash":"291eb08810ae410e7e6a0881ed527d99840e46f2"}
,"C:\\Users\\FAOK\\Desktop\\alt-exam - Copy (2)\\routes\\blogRoutes.js": {"path":"C:\\Users\\FAOK\\Desktop\\alt-exam - Copy (2)\\routes\\blogRoutes.js","statementMap":{"0":{"start":{"line":1,"column":16},"end":{"line":1,"column":34}},"1":{"start":{"line":2,"column":15},"end":{"line":2,"column":31}},"2":{"start":{"line":3,"column":23},"end":{"line":3,"column":63}},"3":{"start":{"line":4,"column":23},"end":{"line":4,"column":63}},"4":{"start":{"line":5,"column":0},"end":{"line":8,"column":59}},"5":{"start":{"line":9,"column":0},"end":{"line":11,"column":58}},"6":{"start":{"line":12,"column":0},"end":{"line":16,"column":61}},"7":{"start":{"line":18,"column":0},"end":{"line":18,"column":24}}},"fnMap":{},"branchMap":{},"s":{"0":3,"1":3,"2":3,"3":3,"4":3,"5":3,"6":3,"7":3},"f":{},"b":{},"_coverageSchema":"1a1c01bbd47fc00a2c39e90264f33305004495a9","hash":"7db48dc5f0cab9a375026baf3584529f27cd4dd2"}
,"C:\\Users\\FAOK\\Desktop\\alt-exam - Copy (2)\\routes\\userRoutes.js": {"path":"C:\\Users\\FAOK\\Desktop\\alt-exam - Copy (2)\\routes\\userRoutes.js","statementMap":{"0":{"start":{"line":1,"column":16},"end":{"line":1,"column":34}},"1":{"start":{"line":2,"column":15},"end":{"line":2,"column":31}},"2":{"start":{"line":3,"column":23},"end":{"line":3,"column":63}},"3":{"start":{"line":4,"column":23},"end":{"line":4,"column":63}},"4":{"start":{"line":6,"column":0},"end":{"line":6,"column":52}},"5":{"start":{"line":7,"column":0},"end":{"line":7,"column":50}},"6":{"start":{"line":9,"column":0},"end":{"line":9,"column":50}},"7":{"start":{"line":10,"column":0},"end":{"line":10,"column":49}},"8":{"start":{"line":11,"column":0},"end":{"line":11,"column":24}}},"fnMap":{},"branchMap":{},"s":{"0":3,"1":3,"2":3,"3":3,"4":3,"5":3,"6":3,"7":3,"8":3},"f":{},"b":{},"_coverageSchema":"1a1c01bbd47fc00a2c39e90264f33305004495a9","hash":"c88a7e813a76519973b733352f310c23963d3d8c"}
,"C:\\Users\\FAOK\\Desktop\\alt-exam - Copy (2)\\utils\\APIFeatures.js": {"path":"C:\\Users\\FAOK\\Desktop\\alt-exam - Copy (2)\\utils\\APIFeatures.js","statementMap":{"0":{"start":{"line":3,"column":4},"end":{"line":3,"column":23}},"1":{"start":{"line":4,"column":4},"end":{"line":4,"column":35}},"2":{"start":{"line":8,"column":21},"end":{"line":8,"column":44}},"3":{"start":{"line":9,"column":27},"end":{"line":9,"column":62}},"4":{"start":{"line":10,"column":4},"end":{"line":10,"column":56}},"5":{"start":{"line":10,"column":35},"end":{"line":10,"column":54}},"6":{"start":{"line":13,"column":19},"end":{"line":13,"column":43}},"7":{"start":{"line":14,"column":4},"end":{"line":17,"column":6}},"8":{"start":{"line":16,"column":17},"end":{"line":16,"column":28}},"9":{"start":{"line":18,"column":4},"end":{"line":18,"column":55}},"10":{"start":{"line":20,"column":4},"end":{"line":20,"column":16}},"11":{"start":{"line":24,"column":4},"end":{"line":29,"column":5}},"12":{"start":{"line":25,"column":21},"end":{"line":25,"column":63}},"13":{"start":{"line":26,"column":6},"end":{"line":26,"column":43}},"14":{"start":{"line":28,"column":6},"end":{"line":28,"column":49}},"15":{"start":{"line":31,"column":4},"end":{"line":31,"column":16}},"16":{"start":{"line":35,"column":4},"end":{"line":40,"column":5}},"17":{"start":{"line":36,"column":21},"end":{"line":36,"column":65}},"18":{"start":{"line":37,"column":6},"end":{"line":37,"column":45}},"19":{"start":{"line":39,"column":6},"end":{"line":39,"column":45}},"20":{"start":{"line":42,"column":4},"end":{"line":42,"column":16}},"21":{"start":{"line":46,"column":17},"end":{"line":46,"column":47}},"22":{"start":{"line":47,"column":18},"end":{"line":47,"column":50}},"23":{"start":{"line":48,"column":17},"end":{"line":48,"column":35}},"24":{"start":{"line":50,"column":4},"end":{"line":50,"column":52}},"25":{"start":{"line":52,"column":4},"end":{"line":52,"column":16}},"26":{"start":{"line":55,"column":0},"end":{"line":55,"column":29}}},"fnMap":{"0":{"name":"(anonymous_0)","decl":{"start":{"line":2,"column":2},"end":{"line":2,"column":3}},"loc":{"start":{"line":2,"column":34},"end":{"line":5,"column":3}},"line":2},"1":{"name":"(anonymous_1)","decl":{"start":{"line":7,"column":2},"end":{"line":7,"column":3}},"loc":{"start":{"line":7,"column":11},"end":{"line":21,"column":3}},"line":7},"2":{"name":"(anonymous_2)","decl":{"start":{"line":10,"column":27},"end":{"line":10,"column":28}},"loc":{"start":{"line":10,"column":35},"end":{"line":10,"column":54}},"line":10},"3":{"name":"(anonymous_3)","decl":{"start":{"line":16,"column":6},"end":{"line":16,"column":7}},"loc":{"start":{"line":16,"column":17},"end":{"line":16,"column":28}},"line":16},"4":{"name":"(anonymous_4)","decl":{"start":{"line":23,"column":2},"end":{"line":23,"column":3}},"loc":{"start":{"line":23,"column":9},"end":{"line":32,"column":3}},"line":23},"5":{"name":"(anonymous_5)","decl":{"start":{"line":34,"column":2},"end":{"line":34,"column":3}},"loc":{"start":{"line":34,"column":16},"end":{"line":43,"column":3}},"line":34},"6":{"name":"(anonymous_6)","decl":{"start":{"line":45,"column":2},"end":{"line":45,"column":3}},"loc":{"start":{"line":45,"column":13},"end":{"line":53,"column":3}},"line":45}},"branchMap":{"0":{"loc":{"start":{"line":24,"column":4},"end":{"line":29,"column":5}},"type":"if","locations":[{"start":{"line":24,"column":4},"end":{"line":29,"column":5}},{"start":{"line":27,"column":11},"end":{"line":29,"column":5}}],"line":24},"1":{"loc":{"start":{"line":35,"column":4},"end":{"line":40,"column":5}},"type":"if","locations":[{"start":{"line":35,"column":4},"end":{"line":40,"column":5}},{"start":{"line":38,"column":11},"end":{"line":40,"column":5}}],"line":35},"2":{"loc":{"start":{"line":46,"column":17},"end":{"line":46,"column":47}},"type":"binary-expr","locations":[{"start":{"line":46,"column":17},"end":{"line":46,"column":42}},{"start":{"line":46,"column":46},"end":{"line":46,"column":47}}],"line":46},"3":{"loc":{"start":{"line":47,"column":18},"end":{"line":47,"column":50}},"type":"binary-expr","locations":[{"start":{"line":47,"column":18},"end":{"line":47,"column":44}},{"start":{"line":47,"column":48},"end":{"line":47,"column":50}}],"line":47}},"s":{"0":0,"1":0,"2":0,"3":0,"4":0,"5":0,"6":0,"7":0,"8":0,"9":0,"10":0,"11":0,"12":0,"13":0,"14":0,"15":0,"16":0,"17":0,"18":0,"19":0,"20":0,"21":0,"22":0,"23":0,"24":0,"25":0,"26":3},"f":{"0":0,"1":0,"2":0,"3":0,"4":0,"5":0,"6":0},"b":{"0":[0,0],"1":[0,0],"2":[0,0],"3":[0,0]},"_coverageSchema":"1a1c01bbd47fc00a2c39e90264f33305004495a9","hash":"51621a4ee97d89ee24709c4bd8508960f731c148"}
,"C:\\Users\\FAOK\\Desktop\\alt-exam - Copy (2)\\utils\\AppError.js": {"path":"C:\\Users\\FAOK\\Desktop\\alt-exam - Copy (2)\\utils\\AppError.js","statementMap":{"0":{"start":{"line":3,"column":4},"end":{"line":3,"column":19}},"1":{"start":{"line":5,"column":4},"end":{"line":5,"column":33}},"2":{"start":{"line":6,"column":4},"end":{"line":6,"column":69}},"3":{"start":{"line":7,"column":4},"end":{"line":7,"column":30}},"4":{"start":{"line":9,"column":4},"end":{"line":9,"column":52}},"5":{"start":{"line":13,"column":0},"end":{"line":13,"column":26}}},"fnMap":{"0":{"name":"(anonymous_0)","decl":{"start":{"line":2,"column":2},"end":{"line":2,"column":3}},"loc":{"start":{"line":2,"column":35},"end":{"line":10,"column":3}},"line":2}},"branchMap":{"0":{"loc":{"start":{"line":6,"column":18},"end":{"line":6,"column":68}},"type":"cond-expr","locations":[{"start":{"line":6,"column":52},"end":{"line":6,"column":58}},{"start":{"line":6,"column":61},"end":{"line":6,"column":68}}],"line":6}},"s":{"0":0,"1":0,"2":0,"3":0,"4":0,"5":3},"f":{"0":0},"b":{"0":[0,0]},"_coverageSchema":"1a1c01bbd47fc00a2c39e90264f33305004495a9","hash":"04ad3f15e7e2dabf207449f682df9fc71403127a"}
,"C:\\Users\\FAOK\\Desktop\\alt-exam - Copy (2)\\utils\\catchAsync.js": {"path":"C:\\Users\\FAOK\\Desktop\\alt-exam - Copy (2)\\utils\\catchAsync.js","statementMap":{"0":{"start":{"line":1,"column":0},"end":{"line":3,"column":2}},"1":{"start":{"line":1,"column":25},"end":{"line":3,"column":1}},"2":{"start":{"line":2,"column":2},"end":{"line":2,"column":33}}},"fnMap":{"0":{"name":"(anonymous_0)","decl":{"start":{"line":1,"column":17},"end":{"line":1,"column":18}},"loc":{"start":{"line":1,"column":25},"end":{"line":3,"column":1}},"line":1},"1":{"name":"(anonymous_1)","decl":{"start":{"line":1,"column":25},"end":{"line":1,"column":26}},"loc":{"start":{"line":1,"column":45},"end":{"line":3,"column":1}},"line":1}},"branchMap":{},"s":{"0":3,"1":33,"2":1},"f":{"0":33,"1":1},"b":{},"_coverageSchema":"1a1c01bbd47fc00a2c39e90264f33305004495a9","hash":"0cd67396321adcf1be880aa7abe11441803b6e5f"}
}
