TN:
SF:app.js
FN:38,(anonymous_0)
FNF:1
FNH:0
FNDA:0,(anonymous_0)
DA:1,3
DA:2,3
DA:3,3
DA:4,3
DA:5,3
DA:6,3
DA:7,3
DA:8,3
DA:9,3
DA:10,3
DA:14,3
DA:15,0
DA:17,3
DA:19,3
DA:25,3
DA:27,3
DA:33,3
DA:35,3
DA:36,3
DA:38,3
DA:39,0
DA:42,3
DA:44,3
LF:23
LH:21
BRDA:14,0,0,0
BRDA:14,0,1,3
BRF:2
BRH:1
end_of_record
TN:
SF:controllers\authController.js
FN:7,(anonymous_0)
FN:12,(anonymous_1)
FN:32,(anonymous_2)
FN:38,(anonymous_3)
FN:50,(anonymous_4)
FNF:5
FNH:5
FNDA:3,(anonymous_0)
FNDA:3,(anonymous_1)
FNDA:1,(anonymous_2)
FNDA:2,(anonymous_3)
FNDA:4,(anonymous_4)
DA:1,3
DA:2,3
DA:3,3
DA:4,3
DA:5,3
DA:7,3
DA:8,3
DA:12,3
DA:13,3
DA:14,3
DA:20,3
DA:21,3
DA:22,3
DA:23,3
DA:32,3
DA:33,1
DA:34,1
DA:35,1
DA:38,3
DA:39,2
DA:40,2
DA:41,0
DA:43,2
DA:44,2
DA:45,0
DA:47,2
DA:50,3
DA:51,4
DA:56,0
DA:58,4
DA:59,4
DA:60,4
DA:61,4
DA:62,4
DA:63,0
DA:65,4
DA:66,4
LF:37
LH:33
BRDA:20,0,0,0
BRDA:20,0,1,3
BRDA:34,1,0,0
BRDA:34,1,1,1
BRDA:40,2,0,0
BRDA:40,2,1,2
BRDA:40,3,0,2
BRDA:40,3,1,2
BRDA:44,4,0,0
BRDA:44,4,1,2
BRDA:44,5,0,2
BRDA:44,5,1,2
BRDA:51,6,0,0
BRDA:51,6,1,4
BRDA:52,7,0,4
BRDA:52,7,1,4
BRDA:52,7,2,4
BRDA:60,8,0,0
BRDA:60,8,1,4
BRDA:62,9,0,0
BRDA:62,9,1,4
BRF:21
BRH:14
end_of_record
TN:
SF:controllers\blogController.js
FN:6,(anonymous_0)
FN:21,(anonymous_1)
FN:41,(anonymous_2)
FN:58,(anonymous_3)
FN:95,(anonymous_4)
FN:109,(anonymous_5)
FNF:6
FNH:6
FNDA:4,(anonymous_0)
FNDA:1,(anonymous_1)
FNDA:1,(anonymous_2)
FNDA:1,(anonymous_3)
FNDA:1,(anonymous_4)
FNDA:1,(anonymous_5)
DA:1,3
DA:2,3
DA:3,3
DA:4,3
DA:6,3
DA:7,4
DA:12,4
DA:13,4
DA:21,3
DA:22,1
DA:30,1
DA:31,1
DA:32,0
DA:34,1
DA:41,3
DA:42,1
DA:48,1
DA:49,1
DA:50,1
DA:51,1
DA:58,3
DA:59,1
DA:61,1
DA:63,1
DA:64,0
DA:68,1
DA:69,0
DA:71,1
DA:72,0
DA:74,1
DA:75,1
DA:77,1
DA:78,0
DA:80,1
DA:81,0
DA:84,1
DA:86,1
DA:87,1
DA:95,3
DA:96,1
DA:97,1
DA:98,1
DA:99,0
DA:102,1
DA:103,1
DA:104,1
DA:109,3
DA:110,1
DA:119,1
DA:120,1
DA:121,1
LF:51
LH:44
BRDA:31,0,0,0
BRDA:31,0,1,1
BRDA:48,1,0,0
BRDA:48,1,1,1
BRDA:61,2,0,0
BRDA:61,2,1,1
BRDA:63,3,0,0
BRDA:63,3,1,1
BRDA:68,4,0,0
BRDA:68,4,1,1
BRDA:71,5,0,0
BRDA:71,5,1,1
BRDA:74,6,0,1
BRDA:74,6,1,0
BRDA:77,7,0,0
BRDA:77,7,1,1
BRDA:80,8,0,0
BRDA:80,8,1,1
BRDA:86,9,0,0
BRDA:86,9,1,1
BRDA:97,10,0,0
BRDA:97,10,1,1
BRDA:98,11,0,0
BRDA:98,11,1,1
BRDA:103,12,0,0
BRDA:103,12,1,1
BRDA:120,13,0,0
BRDA:120,13,1,1
BRF:28
BRH:14
end_of_record
TN:
SF:controllers\userController.js
FN:6,(anonymous_0)
FN:17,(anonymous_1)
FNF:2
FNH:2
FNDA:1,(anonymous_0)
FNDA:1,(anonymous_1)
DA:1,3
DA:2,3
DA:3,3
DA:4,3
DA:6,3
DA:7,1
DA:8,1
DA:17,3
DA:18,1
DA:19,1
DA:20,1
LF:11
LH:11
BRDA:19,0,0,0
BRDA:19,0,1,1
BRF:2
BRH:1
end_of_record
TN:
SF:models\blogModel.js
FN:50,(anonymous_0)
FN:57,(anonymous_1)
FNF:2
FNH:2
FNDA:10,(anonymous_0)
FNDA:12,(anonymous_1)
DA:1,3
DA:2,3
DA:50,3
DA:51,10
DA:55,10
DA:57,3
DA:58,12
DA:59,12
DA:61,3
DA:62,3
LF:10
LH:10
BRF:0
BRH:0
end_of_record
TN:
SF:models\userModel.js
FN:36,(anonymous_0)
FN:53,(anonymous_1)
FN:59,(anonymous_2)
FNF:3
FNH:3
FNDA:5,(anonymous_0)
FNDA:5,(anonymous_1)
FNDA:2,(anonymous_2)
DA:1,3
DA:2,3
DA:3,3
DA:4,3
DA:37,5
DA:48,3
DA:53,3
DA:54,5
DA:55,5
DA:56,5
DA:57,5
DA:59,3
DA:63,2
DA:65,3
DA:67,3
LF:15
LH:15
BRDA:54,0,0,0
BRDA:54,0,1,5
BRF:2
BRH:1
end_of_record
TN:
SF:routes\blogRoutes.js
FNF:0
FNH:0
DA:1,3
DA:2,3
DA:3,3
DA:4,3
DA:5,3
DA:9,3
DA:12,3
DA:18,3
LF:8
LH:8
BRF:0
BRH:0
end_of_record
TN:
SF:routes\userRoutes.js
FNF:0
FNH:0
DA:1,3
DA:2,3
DA:3,3
DA:4,3
DA:6,3
DA:7,3
DA:9,3
DA:10,3
DA:11,3
LF:9
LH:9
BRF:0
BRH:0
end_of_record
TN:
SF:utils\APIFeatures.js
FN:2,(anonymous_0)
FN:7,(anonymous_1)
FN:10,(anonymous_2)
FN:16,(anonymous_3)
FN:23,(anonymous_4)
FN:34,(anonymous_5)
FN:45,(anonymous_6)
FNF:7
FNH:6
FNDA:5,(anonymous_0)
FNDA:5,(anonymous_1)
FNDA:20,(anonymous_2)
FNDA:0,(anonymous_3)
FNDA:5,(anonymous_4)
FNDA:5,(anonymous_5)
FNDA:5,(anonymous_6)
DA:3,5
DA:4,5
DA:8,5
DA:9,5
DA:10,20
DA:13,5
DA:14,5
DA:16,0
DA:18,5
DA:20,5
DA:24,5
DA:25,0
DA:26,0
DA:28,5
DA:31,5
DA:35,5
DA:36,0
DA:37,0
DA:39,5
DA:42,5
DA:46,5
DA:47,5
DA:48,5
DA:50,5
DA:52,5
DA:55,3
LF:26
LH:21
BRDA:24,0,0,0
BRDA:24,0,1,5
BRDA:35,1,0,0
BRDA:35,1,1,5
BRDA:46,2,0,5
BRDA:46,2,1,5
BRDA:47,3,0,5
BRDA:47,3,1,5
BRF:8
BRH:6
end_of_record
TN:
SF:utils\AppError.js
FN:2,(anonymous_0)
FNF:1
FNH:0
FNDA:0,(anonymous_0)
DA:3,0
DA:4,0
DA:5,0
DA:6,0
DA:8,0
DA:11,3
LF:6
LH:1
BRDA:5,0,0,0
BRDA:5,0,1,0
BRF:2
BRH:0
end_of_record
TN:
SF:utils\catchAsync.js
FN:1,(anonymous_0)
FN:2,(anonymous_1)
FNF:2
FNH:2
FNDA:33,(anonymous_0)
FNDA:18,(anonymous_1)
DA:1,3
DA:2,33
DA:3,18
DA:6,3
LF:4
LH:4
BRF:0
BRH:0
end_of_record
TN:
SF:utils\globalErrorHandler.js
FN:3,(anonymous_0)
FN:11,(anonymous_1)
FN:29,(anonymous_2)
FN:33,(anonymous_3)
FN:37,(anonymous_4)
FN:38,(anonymous_5)
FN:42,(anonymous_6)
FN:46,(anonymous_7)
FN:51,(anonymous_8)
FNF:9
FNH:0
FNDA:0,(anonymous_0)
FNDA:0,(anonymous_1)
FNDA:0,(anonymous_2)
FNDA:0,(anonymous_3)
FNDA:0,(anonymous_4)
FNDA:0,(anonymous_5)
FNDA:0,(anonymous_6)
FNDA:0,(anonymous_7)
FNDA:0,(anonymous_8)
DA:1,3
DA:3,3
DA:4,0
DA:11,3
DA:13,0
DA:14,0
DA:21,0
DA:23,0
DA:29,3
DA:30,0
DA:31,0
DA:33,3
DA:34,0
DA:35,0
DA:37,3
DA:38,0
DA:39,0
DA:40,0
DA:42,3
DA:43,0
DA:44,0
DA:46,3
DA:47,0
DA:48,0
DA:51,3
DA:52,0
DA:53,0
DA:54,0
DA:55,0
DA:56,0
DA:57,0
DA:58,0
DA:59,0
DA:60,0
DA:61,0
DA:62,0
DA:63,0
DA:67,3
LF:38
LH:10
BRDA:13,0,0,0
BRDA:13,0,1,0
BRDA:52,1,0,0
BRDA:52,1,1,0
BRDA:53,2,0,0
BRDA:53,2,1,0
BRDA:54,3,0,0
BRDA:54,3,1,0
BRDA:56,4,0,0
BRDA:56,4,1,0
BRDA:58,5,0,0
BRDA:58,5,1,0
BRDA:59,6,0,0
BRDA:59,6,1,0
BRDA:60,7,0,0
BRDA:60,7,1,0
BRDA:61,8,0,0
BRDA:61,8,1,0
BRDA:62,9,0,0
BRDA:62,9,1,0
BRF:20
BRH:0
end_of_record
